- Start of coroutine debug log -
[2023/5/28 18:39:54] AWAKE
[2023/5/28 18:39:55] StartSerialCoroutine
[2023/5/28 18:39:55] new JumpIn at Combat ( D:\Sharefolder\Research_Projs_Games\UnityProj\miniraid-hd2d\Assets\Scripts\Backend\CombatSchedulerCoroutine\CombatSchedulerCoroutine.cs : 52 )
[2023/5/28 18:39:55] new JumpIn at Combat ( D:\Sharefolder\Research_Projs_Games\UnityProj\miniraid-hd2d\Assets\Scripts\Backend\CombatSchedulerCoroutine\CombatSchedulerCoroutine.cs : 55 )
[2023/5/28 18:39:55] new JumpIn at Combat ( D:\Sharefolder\Research_Projs_Games\UnityProj\miniraid-hd2d\Assets\Scripts\Backend\CombatSchedulerCoroutine\CombatSchedulerCoroutine.cs : 60 )
[2023/5/28 18:39:58] new JumpIn at Combat ( D:\Sharefolder\Research_Projs_Games\UnityProj\miniraid-hd2d\Assets\Scripts\Backend\CombatSchedulerCoroutine\CombatSchedulerCoroutine.cs : 64 )
[2023/5/28 18:39:58] new JumpIn at Phase ( D:\Sharefolder\Research_Projs_Games\UnityProj\miniraid-hd2d\Assets\Scripts\Backend\CombatSchedulerCoroutine\CombatSchedulerCoroutine.Phase.cs : 29 )
[2023/5/28 18:39:58] new JumpIn at WakeUpMobs ( D:\Sharefolder\Research_Projs_Games\UnityProj\miniraid-hd2d\Assets\Scripts\Backend\CombatSchedulerCoroutine\CombatSchedulerCoroutine.Phase.cs : 69 )
[2023/5/28 18:39:58] new JumpIn at _OnNextTurn ( D:\Sharefolder\Research_Projs_Games\UnityProj\miniraid-hd2d\Assets\Scripts\Backend\MobData\MobData.cs : 359 )
[2023/5/28 18:39:58] new JumpIn at Invoke ( D:\Sharefolder\Research_Projs_Games\UnityProj\miniraid-hd2d\Assets\Scripts\Backend\CombatSchedulerCoroutine\Essentials\CoroutineEvent.cs : 19 )
[2023/5/28 18:39:58] new JumpIn at Invoke ( D:\Sharefolder\Research_Projs_Games\UnityProj\miniraid-hd2d\Assets\Scripts\Backend\CombatSchedulerCoroutine\Essentials\CoroutineEvent.cs : 19 )
[2023/5/28 18:39:58] new JumpIn at Invoke ( D:\Sharefolder\Research_Projs_Games\UnityProj\miniraid-hd2d\Assets\Scripts\Backend\CombatSchedulerCoroutine\Essentials\CoroutineEvent.cs : 19 )
[2023/5/28 18:39:58] new JumpIn at Invoke ( D:\Sharefolder\Research_Projs_Games\UnityProj\miniraid-hd2d\Assets\Scripts\Backend\CombatSchedulerCoroutine\Essentials\CoroutineEvent.cs : 19 )
[2023/5/28 18:39:58] new JumpIn at WakeUpMobs ( D:\Sharefolder\Research_Projs_Games\UnityProj\miniraid-hd2d\Assets\Scripts\Backend\CombatSchedulerCoroutine\CombatSchedulerCoroutine.Phase.cs : 69 )
[2023/5/28 18:39:58] new JumpIn at _OnNextTurn ( D:\Sharefolder\Research_Projs_Games\UnityProj\miniraid-hd2d\Assets\Scripts\Backend\MobData\MobData.cs : 359 )
[2023/5/28 18:39:58] new JumpIn at Invoke ( D:\Sharefolder\Research_Projs_Games\UnityProj\miniraid-hd2d\Assets\Scripts\Backend\CombatSchedulerCoroutine\Essentials\CoroutineEvent.cs : 19 )
[2023/5/28 18:39:58] new JumpIn at Invoke ( D:\Sharefolder\Research_Projs_Games\UnityProj\miniraid-hd2d\Assets\Scripts\Backend\CombatSchedulerCoroutine\Essentials\CoroutineEvent.cs : 19 )
[2023/5/28 18:39:58] new JumpIn at Invoke ( D:\Sharefolder\Research_Projs_Games\UnityProj\miniraid-hd2d\Assets\Scripts\Backend\CombatSchedulerCoroutine\Essentials\CoroutineEvent.cs : 19 )
[2023/5/28 18:39:58] new JumpIn at Invoke ( D:\Sharefolder\Research_Projs_Games\UnityProj\miniraid-hd2d\Assets\Scripts\Backend\CombatSchedulerCoroutine\Essentials\CoroutineEvent.cs : 19 )
[2023/5/28 18:39:58] new JumpIn at Invoke ( D:\Sharefolder\Research_Projs_Games\UnityProj\miniraid-hd2d\Assets\Scripts\Backend\CombatSchedulerCoroutine\Essentials\CoroutineEvent.cs : 19 )
[2023/5/28 18:39:58] new JumpIn at Invoke ( D:\Sharefolder\Research_Projs_Games\UnityProj\miniraid-hd2d\Assets\Scripts\Backend\CombatSchedulerCoroutine\Essentials\CoroutineEvent.cs : 19 )
[2023/5/28 18:39:58] new JumpIn at WakeUpMobs ( D:\Sharefolder\Research_Projs_Games\UnityProj\miniraid-hd2d\Assets\Scripts\Backend\CombatSchedulerCoroutine\CombatSchedulerCoroutine.Phase.cs : 69 )
[2023/5/28 18:39:58] new JumpIn at _OnNextTurn ( D:\Sharefolder\Research_Projs_Games\UnityProj\miniraid-hd2d\Assets\Scripts\Backend\MobData\MobData.cs : 359 )
[2023/5/28 18:39:58] new JumpIn at Invoke ( D:\Sharefolder\Research_Projs_Games\UnityProj\miniraid-hd2d\Assets\Scripts\Backend\CombatSchedulerCoroutine\Essentials\CoroutineEvent.cs : 19 )
[2023/5/28 18:39:58] new JumpIn at Invoke ( D:\Sharefolder\Research_Projs_Games\UnityProj\miniraid-hd2d\Assets\Scripts\Backend\CombatSchedulerCoroutine\Essentials\CoroutineEvent.cs : 19 )
[2023/5/28 18:39:58] new JumpIn at Invoke ( D:\Sharefolder\Research_Projs_Games\UnityProj\miniraid-hd2d\Assets\Scripts\Backend\CombatSchedulerCoroutine\Essentials\CoroutineEvent.cs : 19 )
[2023/5/28 18:39:58] new JumpIn at Invoke ( D:\Sharefolder\Research_Projs_Games\UnityProj\miniraid-hd2d\Assets\Scripts\Backend\CombatSchedulerCoroutine\Essentials\CoroutineEvent.cs : 19 )
[2023/5/28 18:39:58] new JumpIn at WakeUpMobs ( D:\Sharefolder\Research_Projs_Games\UnityProj\miniraid-hd2d\Assets\Scripts\Backend\CombatSchedulerCoroutine\CombatSchedulerCoroutine.Phase.cs : 69 )
[2023/5/28 18:39:58] new JumpIn at _OnNextTurn ( D:\Sharefolder\Research_Projs_Games\UnityProj\miniraid-hd2d\Assets\Scripts\Backend\MobData\MobData.cs : 359 )
[2023/5/28 18:39:58] new JumpIn at Invoke ( D:\Sharefolder\Research_Projs_Games\UnityProj\miniraid-hd2d\Assets\Scripts\Backend\CombatSchedulerCoroutine\Essentials\CoroutineEvent.cs : 19 )
[2023/5/28 18:39:58] new JumpIn at Invoke ( D:\Sharefolder\Research_Projs_Games\UnityProj\miniraid-hd2d\Assets\Scripts\Backend\CombatSchedulerCoroutine\Essentials\CoroutineEvent.cs : 19 )
[2023/5/28 18:39:58] new JumpIn at Invoke ( D:\Sharefolder\Research_Projs_Games\UnityProj\miniraid-hd2d\Assets\Scripts\Backend\CombatSchedulerCoroutine\Essentials\CoroutineEvent.cs : 19 )
[2023/5/28 18:39:58] new JumpIn at Invoke ( D:\Sharefolder\Research_Projs_Games\UnityProj\miniraid-hd2d\Assets\Scripts\Backend\CombatSchedulerCoroutine\Essentials\CoroutineEvent.cs : 19 )
[2023/5/28 18:39:58] new JumpIn at Invoke ( D:\Sharefolder\Research_Projs_Games\UnityProj\miniraid-hd2d\Assets\Scripts\Backend\CombatSchedulerCoroutine\Essentials\CoroutineEvent.cs : 19 )
[2023/5/28 18:39:58] new JumpIn at Invoke ( D:\Sharefolder\Research_Projs_Games\UnityProj\miniraid-hd2d\Assets\Scripts\Backend\CombatSchedulerCoroutine\Essentials\CoroutineEvent.cs : 19 )
[2023/5/28 18:39:58] new JumpIn at WakeUpMobs ( D:\Sharefolder\Research_Projs_Games\UnityProj\miniraid-hd2d\Assets\Scripts\Backend\CombatSchedulerCoroutine\CombatSchedulerCoroutine.Phase.cs : 69 )
[2023/5/28 18:39:58] new JumpIn at _OnNextTurn ( D:\Sharefolder\Research_Projs_Games\UnityProj\miniraid-hd2d\Assets\Scripts\Backend\MobData\MobData.cs : 359 )
[2023/5/28 18:39:58] new JumpIn at Invoke ( D:\Sharefolder\Research_Projs_Games\UnityProj\miniraid-hd2d\Assets\Scripts\Backend\CombatSchedulerCoroutine\Essentials\CoroutineEvent.cs : 19 )
[2023/5/28 18:39:58] new JumpIn at Invoke ( D:\Sharefolder\Research_Projs_Games\UnityProj\miniraid-hd2d\Assets\Scripts\Backend\CombatSchedulerCoroutine\Essentials\CoroutineEvent.cs : 19 )
[2023/5/28 18:39:58] new JumpIn at Invoke ( D:\Sharefolder\Research_Projs_Games\UnityProj\miniraid-hd2d\Assets\Scripts\Backend\CombatSchedulerCoroutine\Essentials\CoroutineEvent.cs : 19 )
[2023/5/28 18:39:58] new JumpIn at Invoke ( D:\Sharefolder\Research_Projs_Games\UnityProj\miniraid-hd2d\Assets\Scripts\Backend\CombatSchedulerCoroutine\Essentials\CoroutineEvent.cs : 19 )
[2023/5/28 18:39:58] new JumpIn at WakeUpMobs ( D:\Sharefolder\Research_Projs_Games\UnityProj\miniraid-hd2d\Assets\Scripts\Backend\CombatSchedulerCoroutine\CombatSchedulerCoroutine.Phase.cs : 69 )
[2023/5/28 18:39:58] new JumpIn at _OnNextTurn ( D:\Sharefolder\Research_Projs_Games\UnityProj\miniraid-hd2d\Assets\Scripts\Backend\MobData\MobData.cs : 359 )
[2023/5/28 18:39:58] new JumpIn at Invoke ( D:\Sharefolder\Research_Projs_Games\UnityProj\miniraid-hd2d\Assets\Scripts\Backend\CombatSchedulerCoroutine\Essentials\CoroutineEvent.cs : 19 )
[2023/5/28 18:39:58] new JumpIn at Invoke ( D:\Sharefolder\Research_Projs_Games\UnityProj\miniraid-hd2d\Assets\Scripts\Backend\CombatSchedulerCoroutine\Essentials\CoroutineEvent.cs : 19 )
[2023/5/28 18:39:58] new JumpIn at Invoke ( D:\Sharefolder\Research_Projs_Games\UnityProj\miniraid-hd2d\Assets\Scripts\Backend\CombatSchedulerCoroutine\Essentials\CoroutineEvent.cs : 19 )
[2023/5/28 18:39:58] new JumpIn at Invoke ( D:\Sharefolder\Research_Projs_Games\UnityProj\miniraid-hd2d\Assets\Scripts\Backend\CombatSchedulerCoroutine\Essentials\CoroutineEvent.cs : 19 )
[2023/5/28 18:39:58] new JumpIn at WakeUpMobs ( D:\Sharefolder\Research_Projs_Games\UnityProj\miniraid-hd2d\Assets\Scripts\Backend\CombatSchedulerCoroutine\CombatSchedulerCoroutine.Phase.cs : 69 )
[2023/5/28 18:39:58] new JumpIn at _OnNextTurn ( D:\Sharefolder\Research_Projs_Games\UnityProj\miniraid-hd2d\Assets\Scripts\Backend\MobData\MobData.cs : 359 )
[2023/5/28 18:39:58] new JumpIn at Invoke ( D:\Sharefolder\Research_Projs_Games\UnityProj\miniraid-hd2d\Assets\Scripts\Backend\CombatSchedulerCoroutine\Essentials\CoroutineEvent.cs : 19 )
[2023/5/28 18:39:58] new JumpIn at Invoke ( D:\Sharefolder\Research_Projs_Games\UnityProj\miniraid-hd2d\Assets\Scripts\Backend\CombatSchedulerCoroutine\Essentials\CoroutineEvent.cs : 19 )
[2023/5/28 18:39:58] new JumpIn at Invoke ( D:\Sharefolder\Research_Projs_Games\UnityProj\miniraid-hd2d\Assets\Scripts\Backend\CombatSchedulerCoroutine\Essentials\CoroutineEvent.cs : 19 )
[2023/5/28 18:39:58] new JumpIn at Invoke ( D:\Sharefolder\Research_Projs_Games\UnityProj\miniraid-hd2d\Assets\Scripts\Backend\CombatSchedulerCoroutine\Essentials\CoroutineEvent.cs : 19 )
[2023/5/28 18:39:58] new JumpIn at Invoke ( D:\Sharefolder\Research_Projs_Games\UnityProj\miniraid-hd2d\Assets\Scripts\Backend\CombatSchedulerCoroutine\Essentials\CoroutineEvent.cs : 19 )
[2023/5/28 18:39:58] new JumpIn at Invoke ( D:\Sharefolder\Research_Projs_Games\UnityProj\miniraid-hd2d\Assets\Scripts\Backend\CombatSchedulerCoroutine\Essentials\CoroutineEvent.cs : 19 )
[2023/5/28 18:39:58] new JumpIn at WakeUpMobs ( D:\Sharefolder\Research_Projs_Games\UnityProj\miniraid-hd2d\Assets\Scripts\Backend\CombatSchedulerCoroutine\CombatSchedulerCoroutine.Phase.cs : 76 )
[2023/5/28 18:39:58] new JumpIn at SetActive ( D:\Sharefolder\Research_Projs_Games\UnityProj\miniraid-hd2d\Assets\Scripts\Backend\MobData\MobData.cs : 346 )
[2023/5/28 18:39:58] new JumpIn at WakeUpMobs ( D:\Sharefolder\Research_Projs_Games\UnityProj\miniraid-hd2d\Assets\Scripts\Backend\CombatSchedulerCoroutine\CombatSchedulerCoroutine.Phase.cs : 76 )
[2023/5/28 18:39:58] new JumpIn at SetActive ( D:\Sharefolder\Research_Projs_Games\UnityProj\miniraid-hd2d\Assets\Scripts\Backend\MobData\MobData.cs : 346 )
[2023/5/28 18:39:58] new JumpIn at WakeUpMobs ( D:\Sharefolder\Research_Projs_Games\UnityProj\miniraid-hd2d\Assets\Scripts\Backend\CombatSchedulerCoroutine\CombatSchedulerCoroutine.Phase.cs : 76 )
[2023/5/28 18:39:58] new JumpIn at SetActive ( D:\Sharefolder\Research_Projs_Games\UnityProj\miniraid-hd2d\Assets\Scripts\Backend\MobData\MobData.cs : 346 )
[2023/5/28 18:39:58] new JumpIn at WakeUpMobs ( D:\Sharefolder\Research_Projs_Games\UnityProj\miniraid-hd2d\Assets\Scripts\Backend\CombatSchedulerCoroutine\CombatSchedulerCoroutine.Phase.cs : 76 )
[2023/5/28 18:39:58] new JumpIn at SetActive ( D:\Sharefolder\Research_Projs_Games\UnityProj\miniraid-hd2d\Assets\Scripts\Backend\MobData\MobData.cs : 346 )
[2023/5/28 18:39:58] new JumpIn at WakeUpMobs ( D:\Sharefolder\Research_Projs_Games\UnityProj\miniraid-hd2d\Assets\Scripts\Backend\CombatSchedulerCoroutine\CombatSchedulerCoroutine.Phase.cs : 76 )
[2023/5/28 18:39:58] new JumpIn at SetActive ( D:\Sharefolder\Research_Projs_Games\UnityProj\miniraid-hd2d\Assets\Scripts\Backend\MobData\MobData.cs : 346 )
[2023/5/28 18:39:58] new JumpIn at WakeUpMobs ( D:\Sharefolder\Research_Projs_Games\UnityProj\miniraid-hd2d\Assets\Scripts\Backend\CombatSchedulerCoroutine\CombatSchedulerCoroutine.Phase.cs : 76 )
[2023/5/28 18:39:58] new JumpIn at SetActive ( D:\Sharefolder\Research_Projs_Games\UnityProj\miniraid-hd2d\Assets\Scripts\Backend\MobData\MobData.cs : 346 )
[2023/5/28 18:39:58] new JumpIn at WakeUpMobs ( D:\Sharefolder\Research_Projs_Games\UnityProj\miniraid-hd2d\Assets\Scripts\Backend\CombatSchedulerCoroutine\CombatSchedulerCoroutine.Phase.cs : 76 )
[2023/5/28 18:39:58] new JumpIn at SetActive ( D:\Sharefolder\Research_Projs_Games\UnityProj\miniraid-hd2d\Assets\Scripts\Backend\MobData\MobData.cs : 346 )
[2023/5/28 18:39:58] new JumpIn at Phase ( D:\Sharefolder\Research_Projs_Games\UnityProj\miniraid-hd2d\Assets\Scripts\Backend\CombatSchedulerCoroutine\CombatSchedulerCoroutine.Phase.cs : 34 )
[2023/5/28 18:40:01] new JumpIn at UIWaitPlayerInput ( D:\Sharefolder\Research_Projs_Games\UnityProj\miniraid-hd2d\Assets\Scripts\Backend\CombatSchedulerCoroutine\CombatSchedulerCoroutine.UI.cs : 52 )
[2023/5/28 18:40:01] new JumpIn at UIPickedAction ( D:\Sharefolder\Research_Projs_Games\UnityProj\miniraid-hd2d\Assets\Scripts\Backend\CombatSchedulerCoroutine\CombatSchedulerCoroutine.UI.cs : 69 )
[2023/5/28 18:40:01] new JumpIn at RequestInUI ( D:\Sharefolder\Research_Projs_Games\UnityProj\miniraid-hd2d\Assets\Scripts\Backend\SOCore\Action\ActionDataSO.cs : 362 )
[2023/5/28 18:40:01] new JumpIn at DoAction ( D:\Sharefolder\Research_Projs_Games\UnityProj\miniraid-hd2d\Assets\Scripts\Backend\MobData\MobData.actions.cs : 176 )
[2023/5/28 18:40:01] new JumpIn at DoAction ( D:\Sharefolder\Research_Projs_Games\UnityProj\miniraid-hd2d\Assets\Scripts\Backend\MobData\MobData.actions.cs : 195 )
[2023/5/28 18:40:01] new JumpIn at DoAction ( D:\Sharefolder\Research_Projs_Games\UnityProj\miniraid-hd2d\Assets\Scripts\Backend\MobData\MobData.actions.cs : 196 )
[2023/5/28 18:40:01] new JumpIn at Activate ( D:\Sharefolder\Research_Projs_Games\UnityProj\miniraid-hd2d\Assets\Scripts\Backend\SOCore\Action\ActionDataSO.cs : 301 )
[2023/5/28 18:40:01] new JumpIn at Do ( D:\Sharefolder\Research_Projs_Games\UnityProj\miniraid-hd2d\Assets\Scripts\Backend\SOCore\Action\ActionDataSO.cs : 291 )
[2023/5/28 18:40:01] new JumpIn at OnPerform ( D:\Sharefolder\Research_Projs_Games\UnityProj\miniraid-hd2d\Assets\GameContent\Actions\Essentials\Scripts\Movement.cs : 12 )
[2023/5/28 18:40:01] new JumpIn at MoveToCoroutine ( D:\Sharefolder\Research_Projs_Games\UnityProj\miniraid-hd2d\Assets\Scripts\Backend\MobData\MobData.actions.cs : 87 )
[2023/5/28 18:40:02] new JumpIn at DoAction ( D:\Sharefolder\Research_Projs_Games\UnityProj\miniraid-hd2d\Assets\Scripts\Backend\MobData\MobData.actions.cs : 197 )
[2023/5/28 18:40:02] new JumpIn at UIPickedAction ( D:\Sharefolder\Research_Projs_Games\UnityProj\miniraid-hd2d\Assets\Scripts\Backend\CombatSchedulerCoroutine\CombatSchedulerCoroutine.UI.cs : 72 )
[2023/5/28 18:40:02] new JumpIn at WaitFor ( D:\Sharefolder\Research_Projs_Games\UnityProj\miniraid-hd2d\Assets\GridUI.cs : 159 )
[2023/5/28 18:40:02] new JumpIn at AutoPass ( D:\Sharefolder\Research_Projs_Games\UnityProj\miniraid-hd2d\Assets\Scripts\UI\States\UnitMenu.cs : 179 )
[2023/5/28 18:40:02] new JumpIn at UIWaitPlayerInput ( D:\Sharefolder\Research_Projs_Games\UnityProj\miniraid-hd2d\Assets\Scripts\Backend\CombatSchedulerCoroutine\CombatSchedulerCoroutine.UI.cs : 52 )
[2023/5/28 18:40:02] new JumpIn at UIPickedAction ( D:\Sharefolder\Research_Projs_Games\UnityProj\miniraid-hd2d\Assets\Scripts\Backend\CombatSchedulerCoroutine\CombatSchedulerCoroutine.UI.cs : 69 )
[2023/5/28 18:40:03] new JumpIn at RequestInUI ( D:\Sharefolder\Research_Projs_Games\UnityProj\miniraid-hd2d\Assets\Scripts\Backend\SOCore\Action\ActionDataSO.cs : 362 )
[2023/5/28 18:40:03] new JumpIn at DoAction ( D:\Sharefolder\Research_Projs_Games\UnityProj\miniraid-hd2d\Assets\Scripts\Backend\MobData\MobData.actions.cs : 176 )
[2023/5/28 18:40:03] new JumpIn at DoAction ( D:\Sharefolder\Research_Projs_Games\UnityProj\miniraid-hd2d\Assets\Scripts\Backend\MobData\MobData.actions.cs : 191 )
[2023/5/28 18:40:03] new JumpIn at DoAction ( D:\Sharefolder\Research_Projs_Games\UnityProj\miniraid-hd2d\Assets\Scripts\Backend\MobData\MobData.actions.cs : 195 )
[2023/5/28 18:40:03] new JumpIn at DoAction ( D:\Sharefolder\Research_Projs_Games\UnityProj\miniraid-hd2d\Assets\Scripts\Backend\MobData\MobData.actions.cs : 196 )
[2023/5/28 18:40:03] new JumpIn at Activate ( D:\Sharefolder\Research_Projs_Games\UnityProj\miniraid-hd2d\Assets\Scripts\Backend\SOCore\Action\ActionDataSO.cs : 301 )
[2023/5/28 18:40:03] new JumpIn at Do ( D:\Sharefolder\Research_Projs_Games\UnityProj\miniraid-hd2d\Assets\Scripts\Backend\SOCore\Action\ActionDataSO.cs : 291 )
[2023/5/28 18:40:03] new JumpIn at OnPerform ( D:\Sharefolder\Research_Projs_Games\UnityProj\miniraid-hd2d\Assets\GameContent\Actions\Essentials\Scripts\BasicProjectile.cs : 24 )
[2023/5/28 18:40:03] new JumpIn at OnPerform ( D:\Sharefolder\Research_Projs_Games\UnityProj\miniraid-hd2d\Assets\GameContent\Actions\Essentials\Scripts\BasicProjectile.cs : 30 )
[2023/5/28 18:40:03] new JumpIn at Do ( D:\Sharefolder\Research_Projs_Games\UnityProj\miniraid-hd2d\Assets\Scripts\Spells\ActionHelpers\Essentials.cs : 81 )
[2023/5/28 18:40:03] new JumpIn at DealDmgHeal ( D:\Sharefolder\Research_Projs_Games\UnityProj\miniraid-hd2d\Assets\Databackend.cs : 525 )
[2023/5/28 18:40:03] new JumpIn at ReceiveDamage ( D:\Sharefolder\Research_Projs_Games\UnityProj\miniraid-hd2d\Assets\Scripts\Backend\MobData\MobData.events.cs : 131 )
[2023/5/28 18:40:03] new JumpIn at ReceiveDamage ( D:\Sharefolder\Research_Projs_Games\UnityProj\miniraid-hd2d\Assets\Scripts\Backend\MobData\MobData.events.cs : 157 )
[2023/5/28 18:40:03] new JumpIn at Invoke ( D:\Sharefolder\Research_Projs_Games\UnityProj\miniraid-hd2d\Assets\Scripts\Backend\CombatSchedulerCoroutine\Essentials\CoroutineEvent.cs : 78 )
[2023/5/28 18:40:03] new JumpIn at Invoke ( D:\Sharefolder\Research_Projs_Games\UnityProj\miniraid-hd2d\Assets\Scripts\Backend\CombatSchedulerCoroutine\Essentials\CoroutineEvent.cs : 78 )
[2023/5/28 18:40:03] new JumpIn at DoAction ( D:\Sharefolder\Research_Projs_Games\UnityProj\miniraid-hd2d\Assets\Scripts\Backend\MobData\MobData.actions.cs : 197 )
[2023/5/28 18:40:03] new JumpIn at UIPickedAction ( D:\Sharefolder\Research_Projs_Games\UnityProj\miniraid-hd2d\Assets\Scripts\Backend\CombatSchedulerCoroutine\CombatSchedulerCoroutine.UI.cs : 72 )
[2023/5/28 18:40:03] new JumpIn at WaitFor ( D:\Sharefolder\Research_Projs_Games\UnityProj\miniraid-hd2d\Assets\GridUI.cs : 159 )
[2023/5/28 18:40:03] new JumpIn at AutoPass ( D:\Sharefolder\Research_Projs_Games\UnityProj\miniraid-hd2d\Assets\Scripts\UI\States\UnitMenu.cs : 179 )
[2023/5/28 18:40:03] new JumpIn at UIWaitPlayerInput ( D:\Sharefolder\Research_Projs_Games\UnityProj\miniraid-hd2d\Assets\Scripts\Backend\CombatSchedulerCoroutine\CombatSchedulerCoroutine.UI.cs : 52 )
[2023/5/28 18:40:03] new JumpIn at UIPickedAction ( D:\Sharefolder\Research_Projs_Games\UnityProj\miniraid-hd2d\Assets\Scripts\Backend\CombatSchedulerCoroutine\CombatSchedulerCoroutine.UI.cs : 69 )
[2023/5/28 18:40:03] new JumpIn at OnPassSelected ( D:\Sharefolder\Research_Projs_Games\UnityProj\miniraid-hd2d\Assets\Scripts\UI\States\UnitMenu.cs : 172 )
[2023/5/28 18:40:03] new JumpIn at SetActive ( D:\Sharefolder\Research_Projs_Games\UnityProj\miniraid-hd2d\Assets\Scripts\Backend\MobData\MobData.cs : 346 )
[2023/5/28 18:40:04] new JumpIn at UIPickedAction ( D:\Sharefolder\Research_Projs_Games\UnityProj\miniraid-hd2d\Assets\Scripts\Backend\CombatSchedulerCoroutine\CombatSchedulerCoroutine.UI.cs : 72 )
[2023/5/28 18:40:04] new JumpIn at UIWaitPlayerInput ( D:\Sharefolder\Research_Projs_Games\UnityProj\miniraid-hd2d\Assets\Scripts\Backend\CombatSchedulerCoroutine\CombatSchedulerCoroutine.UI.cs : 52 )
[2023/5/28 18:40:04] new JumpIn at UIPickedAction ( D:\Sharefolder\Research_Projs_Games\UnityProj\miniraid-hd2d\Assets\Scripts\Backend\CombatSchedulerCoroutine\CombatSchedulerCoroutine.UI.cs : 69 )
[2023/5/28 18:40:04] new JumpIn at OnPassSelected ( D:\Sharefolder\Research_Projs_Games\UnityProj\miniraid-hd2d\Assets\Scripts\UI\States\UnitMenu.cs : 172 )
[2023/5/28 18:40:04] new JumpIn at SetActive ( D:\Sharefolder\Research_Projs_Games\UnityProj\miniraid-hd2d\Assets\Scripts\Backend\MobData\MobData.cs : 346 )
[2023/5/28 18:40:05] new JumpIn at UIPickedAction ( D:\Sharefolder\Research_Projs_Games\UnityProj\miniraid-hd2d\Assets\Scripts\Backend\CombatSchedulerCoroutine\CombatSchedulerCoroutine.UI.cs : 72 )
[2023/5/28 18:40:06] new JumpIn at UIWaitPlayerInput ( D:\Sharefolder\Research_Projs_Games\UnityProj\miniraid-hd2d\Assets\Scripts\Backend\CombatSchedulerCoroutine\CombatSchedulerCoroutine.UI.cs : 52 )
[2023/5/28 18:40:06] new JumpIn at UIPickedAction ( D:\Sharefolder\Research_Projs_Games\UnityProj\miniraid-hd2d\Assets\Scripts\Backend\CombatSchedulerCoroutine\CombatSchedulerCoroutine.UI.cs : 69 )
[2023/5/28 18:40:06] new JumpIn at RequestInUI ( D:\Sharefolder\Research_Projs_Games\UnityProj\miniraid-hd2d\Assets\Scripts\Backend\SOCore\Action\ActionDataSO.cs : 362 )
[2023/5/28 18:40:06] new JumpIn at DoAction ( D:\Sharefolder\Research_Projs_Games\UnityProj\miniraid-hd2d\Assets\Scripts\Backend\MobData\MobData.actions.cs : 176 )
[2023/5/28 18:40:06] new JumpIn at DoAction ( D:\Sharefolder\Research_Projs_Games\UnityProj\miniraid-hd2d\Assets\Scripts\Backend\MobData\MobData.actions.cs : 195 )
[2023/5/28 18:40:06] new JumpIn at DoAction ( D:\Sharefolder\Research_Projs_Games\UnityProj\miniraid-hd2d\Assets\Scripts\Backend\MobData\MobData.actions.cs : 196 )
[2023/5/28 18:40:06] new JumpIn at Activate ( D:\Sharefolder\Research_Projs_Games\UnityProj\miniraid-hd2d\Assets\Scripts\Backend\SOCore\Action\ActionDataSO.cs : 301 )
[2023/5/28 18:40:06] new JumpIn at Do ( D:\Sharefolder\Research_Projs_Games\UnityProj\miniraid-hd2d\Assets\Scripts\Backend\SOCore\Action\ActionDataSO.cs : 291 )
[2023/5/28 18:40:06] new JumpIn at OnPerform ( D:\Sharefolder\Research_Projs_Games\UnityProj\miniraid-hd2d\Assets\GameContent\Actions\Essentials\Scripts\Movement.cs : 12 )
[2023/5/28 18:40:06] new JumpIn at MoveToCoroutine ( D:\Sharefolder\Research_Projs_Games\UnityProj\miniraid-hd2d\Assets\Scripts\Backend\MobData\MobData.actions.cs : 87 )
[2023/5/28 18:40:07] new JumpIn at DoAction ( D:\Sharefolder\Research_Projs_Games\UnityProj\miniraid-hd2d\Assets\Scripts\Backend\MobData\MobData.actions.cs : 197 )
[2023/5/28 18:40:07] new JumpIn at ActionDone ( D:\Sharefolder\Research_Projs_Games\UnityProj\miniraid-hd2d\Assets\Scripts\Backend\MobData\MobData.actions.cs : 108 )
[2023/5/28 18:40:07] new JumpIn at Invoke ( D:\Sharefolder\Research_Projs_Games\UnityProj\miniraid-hd2d\Assets\Scripts\Backend\CombatSchedulerCoroutine\Essentials\CoroutineEvent.cs : 137 )
[2023/5/28 18:40:07] new JumpIn at UIPickedAction ( D:\Sharefolder\Research_Projs_Games\UnityProj\miniraid-hd2d\Assets\Scripts\Backend\CombatSchedulerCoroutine\CombatSchedulerCoroutine.UI.cs : 72 )
[2023/5/28 18:40:07] new JumpIn at WaitFor ( D:\Sharefolder\Research_Projs_Games\UnityProj\miniraid-hd2d\Assets\GridUI.cs : 159 )
[2023/5/28 18:40:07] new JumpIn at AutoPass ( D:\Sharefolder\Research_Projs_Games\UnityProj\miniraid-hd2d\Assets\Scripts\UI\States\UnitMenu.cs : 179 )
[2023/5/28 18:40:08] new JumpIn at UIWaitPlayerInput ( D:\Sharefolder\Research_Projs_Games\UnityProj\miniraid-hd2d\Assets\Scripts\Backend\CombatSchedulerCoroutine\CombatSchedulerCoroutine.UI.cs : 52 )
[2023/5/28 18:40:08] new JumpIn at UIPickedAction ( D:\Sharefolder\Research_Projs_Games\UnityProj\miniraid-hd2d\Assets\Scripts\Backend\CombatSchedulerCoroutine\CombatSchedulerCoroutine.UI.cs : 69 )
[2023/5/28 18:40:08] new JumpIn at RequestInUI ( D:\Sharefolder\Research_Projs_Games\UnityProj\miniraid-hd2d\Assets\Scripts\Backend\SOCore\Action\ActionDataSO.cs : 362 )
[2023/5/28 18:40:08] new JumpIn at DoAction ( D:\Sharefolder\Research_Projs_Games\UnityProj\miniraid-hd2d\Assets\Scripts\Backend\MobData\MobData.actions.cs : 176 )
[2023/5/28 18:40:08] new JumpIn at DoAction ( D:\Sharefolder\Research_Projs_Games\UnityProj\miniraid-hd2d\Assets\Scripts\Backend\MobData\MobData.actions.cs : 191 )
[2023/5/28 18:40:08] new JumpIn at DoAction ( D:\Sharefolder\Research_Projs_Games\UnityProj\miniraid-hd2d\Assets\Scripts\Backend\MobData\MobData.actions.cs : 191 )
[2023/5/28 18:40:08] new JumpIn at DoAction ( D:\Sharefolder\Research_Projs_Games\UnityProj\miniraid-hd2d\Assets\Scripts\Backend\MobData\MobData.actions.cs : 195 )
[2023/5/28 18:40:08] new JumpIn at DoAction ( D:\Sharefolder\Research_Projs_Games\UnityProj\miniraid-hd2d\Assets\Scripts\Backend\MobData\MobData.actions.cs : 196 )
[2023/5/28 18:40:08] new JumpIn at Activate ( D:\Sharefolder\Research_Projs_Games\UnityProj\miniraid-hd2d\Assets\Scripts\Backend\SOCore\Action\ActionDataSO.cs : 301 )
[2023/5/28 18:40:08] new JumpIn at Do ( D:\Sharefolder\Research_Projs_Games\UnityProj\miniraid-hd2d\Assets\Scripts\Backend\SOCore\Action\ActionDataSO.cs : 291 )
[2023/5/28 18:40:08] new JumpIn at OnPerform ( D:\Sharefolder\Research_Projs_Games\UnityProj\miniraid-hd2d\Assets\GameContent\Actions\Essentials\Scripts\BasicProjectile.cs : 24 )
[2023/5/28 18:40:09] new JumpIn at OnPerform ( D:\Sharefolder\Research_Projs_Games\UnityProj\miniraid-hd2d\Assets\GameContent\Actions\Essentials\Scripts\BasicProjectile.cs : 33 )
[2023/5/28 18:40:09] new JumpIn at DoAction ( D:\Sharefolder\Research_Projs_Games\UnityProj\miniraid-hd2d\Assets\Scripts\Backend\MobData\MobData.actions.cs : 197 )
[2023/5/28 18:40:09] new JumpIn at ActionDone ( D:\Sharefolder\Research_Projs_Games\UnityProj\miniraid-hd2d\Assets\Scripts\Backend\MobData\MobData.actions.cs : 108 )
[2023/5/28 18:40:09] new JumpIn at Invoke ( D:\Sharefolder\Research_Projs_Games\UnityProj\miniraid-hd2d\Assets\Scripts\Backend\CombatSchedulerCoroutine\Essentials\CoroutineEvent.cs : 137 )
[2023/5/28 18:40:09] new JumpIn at UIPickedAction ( D:\Sharefolder\Research_Projs_Games\UnityProj\miniraid-hd2d\Assets\Scripts\Backend\CombatSchedulerCoroutine\CombatSchedulerCoroutine.UI.cs : 72 )
[2023/5/28 18:40:09] new JumpIn at WaitFor ( D:\Sharefolder\Research_Projs_Games\UnityProj\miniraid-hd2d\Assets\GridUI.cs : 159 )
[2023/5/28 18:40:09] new JumpIn at AutoPass ( D:\Sharefolder\Research_Projs_Games\UnityProj\miniraid-hd2d\Assets\Scripts\UI\States\UnitMenu.cs : 179 )
[2023/5/28 18:40:09] new JumpIn at UIWaitPlayerInput ( D:\Sharefolder\Research_Projs_Games\UnityProj\miniraid-hd2d\Assets\Scripts\Backend\CombatSchedulerCoroutine\CombatSchedulerCoroutine.UI.cs : 52 )
[2023/5/28 18:40:09] new JumpIn at UIPickedAction ( D:\Sharefolder\Research_Projs_Games\UnityProj\miniraid-hd2d\Assets\Scripts\Backend\CombatSchedulerCoroutine\CombatSchedulerCoroutine.UI.cs : 69 )
[2023/5/28 18:40:09] new JumpIn at OnPassSelected ( D:\Sharefolder\Research_Projs_Games\UnityProj\miniraid-hd2d\Assets\Scripts\UI\States\UnitMenu.cs : 172 )
[2023/5/28 18:40:09] new JumpIn at SetActive ( D:\Sharefolder\Research_Projs_Games\UnityProj\miniraid-hd2d\Assets\Scripts\Backend\MobData\MobData.cs : 346 )
[2023/5/28 18:40:09] new JumpIn at UIPickedAction ( D:\Sharefolder\Research_Projs_Games\UnityProj\miniraid-hd2d\Assets\Scripts\Backend\CombatSchedulerCoroutine\CombatSchedulerCoroutine.UI.cs : 72 )
[2023/5/28 18:40:10] new JumpIn at UIWaitPlayerInput ( D:\Sharefolder\Research_Projs_Games\UnityProj\miniraid-hd2d\Assets\Scripts\Backend\CombatSchedulerCoroutine\CombatSchedulerCoroutine.UI.cs : 52 )
[2023/5/28 18:40:10] new JumpIn at UIPickedAction ( D:\Sharefolder\Research_Projs_Games\UnityProj\miniraid-hd2d\Assets\Scripts\Backend\CombatSchedulerCoroutine\CombatSchedulerCoroutine.UI.cs : 69 )
[2023/5/28 18:40:10] new JumpIn at OnPassSelected ( D:\Sharefolder\Research_Projs_Games\UnityProj\miniraid-hd2d\Assets\Scripts\UI\States\UnitMenu.cs : 172 )
[2023/5/28 18:40:10] new JumpIn at SetActive ( D:\Sharefolder\Research_Projs_Games\UnityProj\miniraid-hd2d\Assets\Scripts\Backend\MobData\MobData.cs : 346 )
[2023/5/28 18:40:10] new JumpIn at UIPickedAction ( D:\Sharefolder\Research_Projs_Games\UnityProj\miniraid-hd2d\Assets\Scripts\Backend\CombatSchedulerCoroutine\CombatSchedulerCoroutine.UI.cs : 72 )
[2023/5/28 18:40:10] new JumpIn at UIWaitPlayerInput ( D:\Sharefolder\Research_Projs_Games\UnityProj\miniraid-hd2d\Assets\Scripts\Backend\CombatSchedulerCoroutine\CombatSchedulerCoroutine.UI.cs : 52 )
[2023/5/28 18:40:10] new JumpIn at UIPickedAction ( D:\Sharefolder\Research_Projs_Games\UnityProj\miniraid-hd2d\Assets\Scripts\Backend\CombatSchedulerCoroutine\CombatSchedulerCoroutine.UI.cs : 69 )
[2023/5/28 18:40:10] new JumpIn at OnPassSelected ( D:\Sharefolder\Research_Projs_Games\UnityProj\miniraid-hd2d\Assets\Scripts\UI\States\UnitMenu.cs : 172 )
[2023/5/28 18:40:10] new JumpIn at SetActive ( D:\Sharefolder\Research_Projs_Games\UnityProj\miniraid-hd2d\Assets\Scripts\Backend\MobData\MobData.cs : 346 )
[2023/5/28 18:40:11] new JumpIn at UIPickedAction ( D:\Sharefolder\Research_Projs_Games\UnityProj\miniraid-hd2d\Assets\Scripts\Backend\CombatSchedulerCoroutine\CombatSchedulerCoroutine.UI.cs : 72 )
[2023/5/28 18:40:11] new JumpIn at UIWaitPlayerInput ( D:\Sharefolder\Research_Projs_Games\UnityProj\miniraid-hd2d\Assets\Scripts\Backend\CombatSchedulerCoroutine\CombatSchedulerCoroutine.UI.cs : 52 )
[2023/5/28 18:40:11] new JumpIn at UIPickedAction ( D:\Sharefolder\Research_Projs_Games\UnityProj\miniraid-hd2d\Assets\Scripts\Backend\CombatSchedulerCoroutine\CombatSchedulerCoroutine.UI.cs : 69 )
[2023/5/28 18:40:11] new JumpIn at OnPassSelected ( D:\Sharefolder\Research_Projs_Games\UnityProj\miniraid-hd2d\Assets\Scripts\UI\States\UnitMenu.cs : 172 )
[2023/5/28 18:40:11] new JumpIn at SetActive ( D:\Sharefolder\Research_Projs_Games\UnityProj\miniraid-hd2d\Assets\Scripts\Backend\MobData\MobData.cs : 346 )
[2023/5/28 18:40:11] new JumpIn at UIPickedAction ( D:\Sharefolder\Research_Projs_Games\UnityProj\miniraid-hd2d\Assets\Scripts\Backend\CombatSchedulerCoroutine\CombatSchedulerCoroutine.UI.cs : 72 )
[2023/5/28 18:40:12] new JumpIn at UIWaitPlayerInput ( D:\Sharefolder\Research_Projs_Games\UnityProj\miniraid-hd2d\Assets\Scripts\Backend\CombatSchedulerCoroutine\CombatSchedulerCoroutine.UI.cs : 52 )
[2023/5/28 18:40:12] new JumpIn at UIPickedAction ( D:\Sharefolder\Research_Projs_Games\UnityProj\miniraid-hd2d\Assets\Scripts\Backend\CombatSchedulerCoroutine\CombatSchedulerCoroutine.UI.cs : 69 )
[2023/5/28 18:40:12] new JumpIn at OnPassSelected ( D:\Sharefolder\Research_Projs_Games\UnityProj\miniraid-hd2d\Assets\Scripts\UI\States\UnitMenu.cs : 172 )
[2023/5/28 18:40:12] new JumpIn at SetActive ( D:\Sharefolder\Research_Projs_Games\UnityProj\miniraid-hd2d\Assets\Scripts\Backend\MobData\MobData.cs : 346 )
[2023/5/28 18:40:12] new JumpIn at UIPickedAction ( D:\Sharefolder\Research_Projs_Games\UnityProj\miniraid-hd2d\Assets\Scripts\Backend\CombatSchedulerCoroutine\CombatSchedulerCoroutine.UI.cs : 72 )
[2023/5/28 18:40:12] new JumpIn at Combat ( D:\Sharefolder\Research_Projs_Games\UnityProj\miniraid-hd2d\Assets\Scripts\Backend\CombatSchedulerCoroutine\CombatSchedulerCoroutine.cs : 74 )
[2023/5/28 18:40:12] new JumpIn at Phase ( D:\Sharefolder\Research_Projs_Games\UnityProj\miniraid-hd2d\Assets\Scripts\Backend\CombatSchedulerCoroutine\CombatSchedulerCoroutine.Phase.cs : 29 )
[2023/5/28 18:40:12] new JumpIn at WakeUpMobs ( D:\Sharefolder\Research_Projs_Games\UnityProj\miniraid-hd2d\Assets\Scripts\Backend\CombatSchedulerCoroutine\CombatSchedulerCoroutine.Phase.cs : 69 )
[2023/5/28 18:40:12] new JumpIn at _OnNextTurn ( D:\Sharefolder\Research_Projs_Games\UnityProj\miniraid-hd2d\Assets\Scripts\Backend\MobData\MobData.cs : 359 )
[2023/5/28 18:40:12] new JumpIn at Invoke ( D:\Sharefolder\Research_Projs_Games\UnityProj\miniraid-hd2d\Assets\Scripts\Backend\CombatSchedulerCoroutine\Essentials\CoroutineEvent.cs : 19 )
[2023/5/28 18:40:12] new JumpIn at Invoke ( D:\Sharefolder\Research_Projs_Games\UnityProj\miniraid-hd2d\Assets\Scripts\Backend\CombatSchedulerCoroutine\Essentials\CoroutineEvent.cs : 19 )
[2023/5/28 18:40:12] new JumpIn at Invoke ( D:\Sharefolder\Research_Projs_Games\UnityProj\miniraid-hd2d\Assets\Scripts\Backend\CombatSchedulerCoroutine\Essentials\CoroutineEvent.cs : 19 )
[2023/5/28 18:40:12] new JumpIn at Invoke ( D:\Sharefolder\Research_Projs_Games\UnityProj\miniraid-hd2d\Assets\Scripts\Backend\CombatSchedulerCoroutine\Essentials\CoroutineEvent.cs : 19 )
[2023/5/28 18:40:12] new JumpIn at Invoke ( D:\Sharefolder\Research_Projs_Games\UnityProj\miniraid-hd2d\Assets\Scripts\Backend\CombatSchedulerCoroutine\Essentials\CoroutineEvent.cs : 19 )
[2023/5/28 18:40:12] new JumpIn at WakeUpMobs ( D:\Sharefolder\Research_Projs_Games\UnityProj\miniraid-hd2d\Assets\Scripts\Backend\CombatSchedulerCoroutine\CombatSchedulerCoroutine.Phase.cs : 76 )
[2023/5/28 18:40:12] new JumpIn at SetActive ( D:\Sharefolder\Research_Projs_Games\UnityProj\miniraid-hd2d\Assets\Scripts\Backend\MobData\MobData.cs : 338 )
[2023/5/28 18:40:12] new JumpIn at Invoke ( D:\Sharefolder\Research_Projs_Games\UnityProj\miniraid-hd2d\Assets\Scripts\Backend\CombatSchedulerCoroutine\Essentials\CoroutineEvent.cs : 19 )
[2023/5/28 18:40:12] new JumpIn at OnAgentWakeUp ( D:\Sharefolder\Research_Projs_Games\UnityProj\miniraid-hd2d\Assets\Scripts\Agents\MonoBehaviourAgentSO.cs : 51 )
[2023/5/28 18:40:12] new JumpIn at Act ( D:\Sharefolder\Research_Projs_Games\UnityProj\miniraid-hd2d\Assets\GameContent\Enemies\SlimeKingAgent.cs : 53 )
[2023/5/28 18:40:12] new JumpIn at DoActionWithDefaultCosts ( D:\Sharefolder\Research_Projs_Games\UnityProj\miniraid-hd2d\Assets\Scripts\Backend\MobData\MobData.actions.cs : 206 )
[2023/5/28 18:40:12] new JumpIn at DoAction ( D:\Sharefolder\Research_Projs_Games\UnityProj\miniraid-hd2d\Assets\Scripts\Backend\MobData\MobData.actions.cs : 176 )
[2023/5/28 18:40:12] new JumpIn at DoAction ( D:\Sharefolder\Research_Projs_Games\UnityProj\miniraid-hd2d\Assets\Scripts\Backend\MobData\MobData.actions.cs : 191 )
[2023/5/28 18:40:12] new JumpIn at DoAction ( D:\Sharefolder\Research_Projs_Games\UnityProj\miniraid-hd2d\Assets\Scripts\Backend\MobData\MobData.actions.cs : 195 )
[2023/5/28 18:40:12] new JumpIn at DoAction ( D:\Sharefolder\Research_Projs_Games\UnityProj\miniraid-hd2d\Assets\Scripts\Backend\MobData\MobData.actions.cs : 196 )
[2023/5/28 18:40:12] new JumpIn at Activate ( D:\Sharefolder\Research_Projs_Games\UnityProj\miniraid-hd2d\Assets\Scripts\Backend\SOCore\Action\ActionDataSO.cs : 301 )
[2023/5/28 18:40:12] new JumpIn at Do ( D:\Sharefolder\Research_Projs_Games\UnityProj\miniraid-hd2d\Assets\Scripts\Backend\SOCore\Action\ActionDataSO.cs : 291 )
[2023/5/28 18:40:12] new JumpIn at OnPerform ( D:\Sharefolder\Research_Projs_Games\UnityProj\miniraid-hd2d\Assets\GameContent\Actions\Essentials\Test\SlimeBoss\SlimeJump_new.cs : 24 )
[2023/5/28 18:40:12] new JumpIn at MoveToCoroutine ( D:\Sharefolder\Research_Projs_Games\UnityProj\miniraid-hd2d\Assets\Scripts\Backend\MobData\MobData.actions.cs : 87 )
[2023/5/28 18:40:12] new JumpIn at OnPerform ( D:\Sharefolder\Research_Projs_Games\UnityProj\miniraid-hd2d\Assets\GameContent\Actions\Essentials\Test\SlimeBoss\SlimeJump_new.cs : 27 )
[2023/5/28 18:40:12] new JumpIn at DoAction ( D:\Sharefolder\Research_Projs_Games\UnityProj\miniraid-hd2d\Assets\Scripts\Backend\MobData\MobData.actions.cs : 197 )
[2023/5/28 18:40:12] new JumpIn at ActionDone ( D:\Sharefolder\Research_Projs_Games\UnityProj\miniraid-hd2d\Assets\Scripts\Backend\MobData\MobData.actions.cs : 108 )
[2023/5/28 18:40:12] new JumpIn at Invoke ( D:\Sharefolder\Research_Projs_Games\UnityProj\miniraid-hd2d\Assets\Scripts\Backend\CombatSchedulerCoroutine\Essentials\CoroutineEvent.cs : 137 )
[2023/5/28 18:40:12] new JumpIn at Act ( D:\Sharefolder\Research_Projs_Games\UnityProj\miniraid-hd2d\Assets\GameContent\Enemies\SlimeKingAgent.cs : 64 )
[2023/5/28 18:40:12] new JumpIn at SetActive ( D:\Sharefolder\Research_Projs_Games\UnityProj\miniraid-hd2d\Assets\Scripts\Backend\MobData\MobData.cs : 346 )
[2023/5/28 18:40:13] new JumpIn at SetActive ( D:\Sharefolder\Research_Projs_Games\UnityProj\miniraid-hd2d\Assets\Scripts\Backend\MobData\MobData.cs : 346 )
[2023/5/28 18:40:13] new JumpIn at Combat ( D:\Sharefolder\Research_Projs_Games\UnityProj\miniraid-hd2d\Assets\Scripts\Backend\CombatSchedulerCoroutine\CombatSchedulerCoroutine.cs : 77 )
[2023/5/28 18:40:13] new JumpIn at Combat ( D:\Sharefolder\Research_Projs_Games\UnityProj\miniraid-hd2d\Assets\Scripts\Backend\CombatSchedulerCoroutine\CombatSchedulerCoroutine.cs : 60 )
[2023/5/28 18:40:13] new JumpIn at Combat ( D:\Sharefolder\Research_Projs_Games\UnityProj\miniraid-hd2d\Assets\Scripts\Backend\CombatSchedulerCoroutine\CombatSchedulerCoroutine.cs : 64 )
[2023/5/28 18:40:13] new JumpIn at Phase ( D:\Sharefolder\Research_Projs_Games\UnityProj\miniraid-hd2d\Assets\Scripts\Backend\CombatSchedulerCoroutine\CombatSchedulerCoroutine.Phase.cs : 29 )
[2023/5/28 18:40:13] new JumpIn at WakeUpMobs ( D:\Sharefolder\Research_Projs_Games\UnityProj\miniraid-hd2d\Assets\Scripts\Backend\CombatSchedulerCoroutine\CombatSchedulerCoroutine.Phase.cs : 69 )
[2023/5/28 18:40:13] new JumpIn at _OnNextTurn ( D:\Sharefolder\Research_Projs_Games\UnityProj\miniraid-hd2d\Assets\Scripts\Backend\MobData\MobData.cs : 359 )
[2023/5/28 18:40:13] new JumpIn at Invoke ( D:\Sharefolder\Research_Projs_Games\UnityProj\miniraid-hd2d\Assets\Scripts\Backend\CombatSchedulerCoroutine\Essentials\CoroutineEvent.cs : 19 )
[2023/5/28 18:40:13] new JumpIn at Invoke ( D:\Sharefolder\Research_Projs_Games\UnityProj\miniraid-hd2d\Assets\Scripts\Backend\CombatSchedulerCoroutine\Essentials\CoroutineEvent.cs : 19 )
[2023/5/28 18:40:13] new JumpIn at Invoke ( D:\Sharefolder\Research_Projs_Games\UnityProj\miniraid-hd2d\Assets\Scripts\Backend\CombatSchedulerCoroutine\Essentials\CoroutineEvent.cs : 19 )
[2023/5/28 18:40:13] new JumpIn at Invoke ( D:\Sharefolder\Research_Projs_Games\UnityProj\miniraid-hd2d\Assets\Scripts\Backend\CombatSchedulerCoroutine\Essentials\CoroutineEvent.cs : 19 )
[2023/5/28 18:40:13] new JumpIn at WakeUpMobs ( D:\Sharefolder\Research_Projs_Games\UnityProj\miniraid-hd2d\Assets\Scripts\Backend\CombatSchedulerCoroutine\CombatSchedulerCoroutine.Phase.cs : 69 )
[2023/5/28 18:40:13] new JumpIn at _OnNextTurn ( D:\Sharefolder\Research_Projs_Games\UnityProj\miniraid-hd2d\Assets\Scripts\Backend\MobData\MobData.cs : 359 )
[2023/5/28 18:40:13] new JumpIn at Invoke ( D:\Sharefolder\Research_Projs_Games\UnityProj\miniraid-hd2d\Assets\Scripts\Backend\CombatSchedulerCoroutine\Essentials\CoroutineEvent.cs : 19 )
[2023/5/28 18:40:13] new JumpIn at Invoke ( D:\Sharefolder\Research_Projs_Games\UnityProj\miniraid-hd2d\Assets\Scripts\Backend\CombatSchedulerCoroutine\Essentials\CoroutineEvent.cs : 19 )
[2023/5/28 18:40:13] new JumpIn at Invoke ( D:\Sharefolder\Research_Projs_Games\UnityProj\miniraid-hd2d\Assets\Scripts\Backend\CombatSchedulerCoroutine\Essentials\CoroutineEvent.cs : 19 )
[2023/5/28 18:40:13] new JumpIn at Invoke ( D:\Sharefolder\Research_Projs_Games\UnityProj\miniraid-hd2d\Assets\Scripts\Backend\CombatSchedulerCoroutine\Essentials\CoroutineEvent.cs : 19 )
[2023/5/28 18:40:13] new JumpIn at Invoke ( D:\Sharefolder\Research_Projs_Games\UnityProj\miniraid-hd2d\Assets\Scripts\Backend\CombatSchedulerCoroutine\Essentials\CoroutineEvent.cs : 19 )
[2023/5/28 18:40:13] new JumpIn at Invoke ( D:\Sharefolder\Research_Projs_Games\UnityProj\miniraid-hd2d\Assets\Scripts\Backend\CombatSchedulerCoroutine\Essentials\CoroutineEvent.cs : 19 )
[2023/5/28 18:40:13] new JumpIn at WakeUpMobs ( D:\Sharefolder\Research_Projs_Games\UnityProj\miniraid-hd2d\Assets\Scripts\Backend\CombatSchedulerCoroutine\CombatSchedulerCoroutine.Phase.cs : 69 )
[2023/5/28 18:40:13] new JumpIn at _OnNextTurn ( D:\Sharefolder\Research_Projs_Games\UnityProj\miniraid-hd2d\Assets\Scripts\Backend\MobData\MobData.cs : 359 )
[2023/5/28 18:40:13] new JumpIn at Invoke ( D:\Sharefolder\Research_Projs_Games\UnityProj\miniraid-hd2d\Assets\Scripts\Backend\CombatSchedulerCoroutine\Essentials\CoroutineEvent.cs : 19 )
[2023/5/28 18:40:13] new JumpIn at Invoke ( D:\Sharefolder\Research_Projs_Games\UnityProj\miniraid-hd2d\Assets\Scripts\Backend\CombatSchedulerCoroutine\Essentials\CoroutineEvent.cs : 19 )
[2023/5/28 18:40:13] new JumpIn at Invoke ( D:\Sharefolder\Research_Projs_Games\UnityProj\miniraid-hd2d\Assets\Scripts\Backend\CombatSchedulerCoroutine\Essentials\CoroutineEvent.cs : 19 )
[2023/5/28 18:40:13] new JumpIn at Invoke ( D:\Sharefolder\Research_Projs_Games\UnityProj\miniraid-hd2d\Assets\Scripts\Backend\CombatSchedulerCoroutine\Essentials\CoroutineEvent.cs : 19 )
[2023/5/28 18:40:13] new JumpIn at WakeUpMobs ( D:\Sharefolder\Research_Projs_Games\UnityProj\miniraid-hd2d\Assets\Scripts\Backend\CombatSchedulerCoroutine\CombatSchedulerCoroutine.Phase.cs : 69 )
[2023/5/28 18:40:13] new JumpIn at _OnNextTurn ( D:\Sharefolder\Research_Projs_Games\UnityProj\miniraid-hd2d\Assets\Scripts\Backend\MobData\MobData.cs : 359 )
[2023/5/28 18:40:13] new JumpIn at Invoke ( D:\Sharefolder\Research_Projs_Games\UnityProj\miniraid-hd2d\Assets\Scripts\Backend\CombatSchedulerCoroutine\Essentials\CoroutineEvent.cs : 19 )
[2023/5/28 18:40:13] new JumpIn at Invoke ( D:\Sharefolder\Research_Projs_Games\UnityProj\miniraid-hd2d\Assets\Scripts\Backend\CombatSchedulerCoroutine\Essentials\CoroutineEvent.cs : 19 )
[2023/5/28 18:40:13] new JumpIn at Invoke ( D:\Sharefolder\Research_Projs_Games\UnityProj\miniraid-hd2d\Assets\Scripts\Backend\CombatSchedulerCoroutine\Essentials\CoroutineEvent.cs : 19 )
[2023/5/28 18:40:13] new JumpIn at Invoke ( D:\Sharefolder\Research_Projs_Games\UnityProj\miniraid-hd2d\Assets\Scripts\Backend\CombatSchedulerCoroutine\Essentials\CoroutineEvent.cs : 19 )
[2023/5/28 18:40:13] new JumpIn at Invoke ( D:\Sharefolder\Research_Projs_Games\UnityProj\miniraid-hd2d\Assets\Scripts\Backend\CombatSchedulerCoroutine\Essentials\CoroutineEvent.cs : 19 )
[2023/5/28 18:40:13] new JumpIn at Invoke ( D:\Sharefolder\Research_Projs_Games\UnityProj\miniraid-hd2d\Assets\Scripts\Backend\CombatSchedulerCoroutine\Essentials\CoroutineEvent.cs : 19 )
[2023/5/28 18:40:13] new JumpIn at WakeUpMobs ( D:\Sharefolder\Research_Projs_Games\UnityProj\miniraid-hd2d\Assets\Scripts\Backend\CombatSchedulerCoroutine\CombatSchedulerCoroutine.Phase.cs : 69 )
[2023/5/28 18:40:13] new JumpIn at _OnNextTurn ( D:\Sharefolder\Research_Projs_Games\UnityProj\miniraid-hd2d\Assets\Scripts\Backend\MobData\MobData.cs : 359 )
[2023/5/28 18:40:13] new JumpIn at Invoke ( D:\Sharefolder\Research_Projs_Games\UnityProj\miniraid-hd2d\Assets\Scripts\Backend\CombatSchedulerCoroutine\Essentials\CoroutineEvent.cs : 19 )
[2023/5/28 18:40:13] new JumpIn at Invoke ( D:\Sharefolder\Research_Projs_Games\UnityProj\miniraid-hd2d\Assets\Scripts\Backend\CombatSchedulerCoroutine\Essentials\CoroutineEvent.cs : 19 )
[2023/5/28 18:40:13] new JumpIn at Invoke ( D:\Sharefolder\Research_Projs_Games\UnityProj\miniraid-hd2d\Assets\Scripts\Backend\CombatSchedulerCoroutine\Essentials\CoroutineEvent.cs : 19 )
[2023/5/28 18:40:13] new JumpIn at Invoke ( D:\Sharefolder\Research_Projs_Games\UnityProj\miniraid-hd2d\Assets\Scripts\Backend\CombatSchedulerCoroutine\Essentials\CoroutineEvent.cs : 19 )
[2023/5/28 18:40:13] new JumpIn at Invoke ( D:\Sharefolder\Research_Projs_Games\UnityProj\miniraid-hd2d\Assets\Scripts\Backend\CombatSchedulerCoroutine\Essentials\CoroutineEvent.cs : 19 )
[2023/5/28 18:40:13] new JumpIn at BuffBase_OnNextTurn ( D:\Sharefolder\Research_Projs_Games\UnityProj\miniraid-hd2d\Assets\Scripts\Buffs\BuffSO.cs : 383 )
[2023/5/28 18:40:13] new JumpIn at DealDmgHeal ( D:\Sharefolder\Research_Projs_Games\UnityProj\miniraid-hd2d\Assets\Databackend.cs : 525 )
[2023/5/28 18:40:13] new JumpIn at ReceiveDamage ( D:\Sharefolder\Research_Projs_Games\UnityProj\miniraid-hd2d\Assets\Scripts\Backend\MobData\MobData.events.cs : 110 )
[2023/5/28 18:40:13] new JumpIn at Invoke ( D:\Sharefolder\Research_Projs_Games\UnityProj\miniraid-hd2d\Assets\Scripts\Backend\CombatSchedulerCoroutine\Essentials\CoroutineEvent.cs : 19 )
[2023/5/28 18:40:13] new JumpIn at BuffBase_OnNextTurn ( D:\Sharefolder\Research_Projs_Games\UnityProj\miniraid-hd2d\Assets\Scripts\Buffs\BuffSO.cs : 383 )
[2023/5/28 18:40:13] new JumpIn at DealDmgHeal ( D:\Sharefolder\Research_Projs_Games\UnityProj\miniraid-hd2d\Assets\Databackend.cs : 525 )
[2023/5/28 18:40:13] new JumpIn at ReceiveDamage ( D:\Sharefolder\Research_Projs_Games\UnityProj\miniraid-hd2d\Assets\Scripts\Backend\MobData\MobData.events.cs : 131 )
[2023/5/28 18:40:13] new JumpIn at ReceiveDamage ( D:\Sharefolder\Research_Projs_Games\UnityProj\miniraid-hd2d\Assets\Scripts\Backend\MobData\MobData.events.cs : 168 )
[2023/5/28 18:40:13] new JumpIn at Killed ( D:\Sharefolder\Research_Projs_Games\UnityProj\miniraid-hd2d\Assets\Scripts\Backend\MobData\MobData.events.cs : 185 )
[2023/5/28 18:40:13] new JumpIn at Killed ( D:\Sharefolder\Research_Projs_Games\UnityProj\miniraid-hd2d\Assets\Scripts\Backend\MobData\MobData.events.cs : 187 )
[2023/5/28 18:40:13] new JumpIn at WakeUpMobs ( D:\Sharefolder\Research_Projs_Games\UnityProj\miniraid-hd2d\Assets\Scripts\Backend\CombatSchedulerCoroutine\CombatSchedulerCoroutine.Phase.cs : 69 )
[2023/5/28 18:40:13] new JumpIn at _OnNextTurn ( D:\Sharefolder\Research_Projs_Games\UnityProj\miniraid-hd2d\Assets\Scripts\Backend\MobData\MobData.cs : 359 )
[2023/5/28 18:40:13] new JumpIn at Invoke ( D:\Sharefolder\Research_Projs_Games\UnityProj\miniraid-hd2d\Assets\Scripts\Backend\CombatSchedulerCoroutine\Essentials\CoroutineEvent.cs : 19 )
[2023/5/28 18:40:13] new JumpIn at Invoke ( D:\Sharefolder\Research_Projs_Games\UnityProj\miniraid-hd2d\Assets\Scripts\Backend\CombatSchedulerCoroutine\Essentials\CoroutineEvent.cs : 19 )
[2023/5/28 18:40:13] new JumpIn at Invoke ( D:\Sharefolder\Research_Projs_Games\UnityProj\miniraid-hd2d\Assets\Scripts\Backend\CombatSchedulerCoroutine\Essentials\CoroutineEvent.cs : 19 )
[2023/5/28 18:40:13] new JumpIn at Invoke ( D:\Sharefolder\Research_Projs_Games\UnityProj\miniraid-hd2d\Assets\Scripts\Backend\CombatSchedulerCoroutine\Essentials\CoroutineEvent.cs : 19 )
[2023/5/28 18:40:13] new JumpIn at WakeUpMobs ( D:\Sharefolder\Research_Projs_Games\UnityProj\miniraid-hd2d\Assets\Scripts\Backend\CombatSchedulerCoroutine\CombatSchedulerCoroutine.Phase.cs : 69 )
[2023/5/28 18:40:13] new JumpIn at _OnNextTurn ( D:\Sharefolder\Research_Projs_Games\UnityProj\miniraid-hd2d\Assets\Scripts\Backend\MobData\MobData.cs : 359 )
[2023/5/28 18:40:13] new JumpIn at Invoke ( D:\Sharefolder\Research_Projs_Games\UnityProj\miniraid-hd2d\Assets\Scripts\Backend\CombatSchedulerCoroutine\Essentials\CoroutineEvent.cs : 19 )
[2023/5/28 18:40:13] new JumpIn at Invoke ( D:\Sharefolder\Research_Projs_Games\UnityProj\miniraid-hd2d\Assets\Scripts\Backend\CombatSchedulerCoroutine\Essentials\CoroutineEvent.cs : 19 )
[2023/5/28 18:40:13] new JumpIn at Invoke ( D:\Sharefolder\Research_Projs_Games\UnityProj\miniraid-hd2d\Assets\Scripts\Backend\CombatSchedulerCoroutine\Essentials\CoroutineEvent.cs : 19 )
[2023/5/28 18:40:13] new JumpIn at Invoke ( D:\Sharefolder\Research_Projs_Games\UnityProj\miniraid-hd2d\Assets\Scripts\Backend\CombatSchedulerCoroutine\Essentials\CoroutineEvent.cs : 19 )
[2023/5/28 18:40:13] new JumpIn at Invoke ( D:\Sharefolder\Research_Projs_Games\UnityProj\miniraid-hd2d\Assets\Scripts\Backend\CombatSchedulerCoroutine\Essentials\CoroutineEvent.cs : 19 )
[2023/5/28 18:40:13] new JumpIn at Invoke ( D:\Sharefolder\Research_Projs_Games\UnityProj\miniraid-hd2d\Assets\Scripts\Backend\CombatSchedulerCoroutine\Essentials\CoroutineEvent.cs : 19 )
[2023/5/28 18:40:13] new JumpIn at WakeUpMobs ( D:\Sharefolder\Research_Projs_Games\UnityProj\miniraid-hd2d\Assets\Scripts\Backend\CombatSchedulerCoroutine\CombatSchedulerCoroutine.Phase.cs : 76 )
[2023/5/28 18:40:13] new JumpIn at SetActive ( D:\Sharefolder\Research_Projs_Games\UnityProj\miniraid-hd2d\Assets\Scripts\Backend\MobData\MobData.cs : 346 )
[2023/5/28 18:40:13] new JumpIn at WakeUpMobs ( D:\Sharefolder\Research_Projs_Games\UnityProj\miniraid-hd2d\Assets\Scripts\Backend\CombatSchedulerCoroutine\CombatSchedulerCoroutine.Phase.cs : 76 )
[2023/5/28 18:40:13] new JumpIn at SetActive ( D:\Sharefolder\Research_Projs_Games\UnityProj\miniraid-hd2d\Assets\Scripts\Backend\MobData\MobData.cs : 346 )
[2023/5/28 18:40:13] new JumpIn at WakeUpMobs ( D:\Sharefolder\Research_Projs_Games\UnityProj\miniraid-hd2d\Assets\Scripts\Backend\CombatSchedulerCoroutine\CombatSchedulerCoroutine.Phase.cs : 76 )
[2023/5/28 18:40:13] new JumpIn at SetActive ( D:\Sharefolder\Research_Projs_Games\UnityProj\miniraid-hd2d\Assets\Scripts\Backend\MobData\MobData.cs : 346 )
[2023/5/28 18:40:13] new JumpIn at WakeUpMobs ( D:\Sharefolder\Research_Projs_Games\UnityProj\miniraid-hd2d\Assets\Scripts\Backend\CombatSchedulerCoroutine\CombatSchedulerCoroutine.Phase.cs : 76 )
[2023/5/28 18:40:13] new JumpIn at SetActive ( D:\Sharefolder\Research_Projs_Games\UnityProj\miniraid-hd2d\Assets\Scripts\Backend\MobData\MobData.cs : 346 )
[2023/5/28 18:40:13] new JumpIn at WakeUpMobs ( D:\Sharefolder\Research_Projs_Games\UnityProj\miniraid-hd2d\Assets\Scripts\Backend\CombatSchedulerCoroutine\CombatSchedulerCoroutine.Phase.cs : 76 )
[2023/5/28 18:40:13] new JumpIn at SetActive ( D:\Sharefolder\Research_Projs_Games\UnityProj\miniraid-hd2d\Assets\Scripts\Backend\MobData\MobData.cs : 346 )
[2023/5/28 18:40:13] new JumpIn at WakeUpMobs ( D:\Sharefolder\Research_Projs_Games\UnityProj\miniraid-hd2d\Assets\Scripts\Backend\CombatSchedulerCoroutine\CombatSchedulerCoroutine.Phase.cs : 76 )
[2023/5/28 18:40:13] new JumpIn at SetActive ( D:\Sharefolder\Research_Projs_Games\UnityProj\miniraid-hd2d\Assets\Scripts\Backend\MobData\MobData.cs : 346 )
[2023/5/28 18:40:13] new JumpIn at WakeUpMobs ( D:\Sharefolder\Research_Projs_Games\UnityProj\miniraid-hd2d\Assets\Scripts\Backend\CombatSchedulerCoroutine\CombatSchedulerCoroutine.Phase.cs : 76 )
[2023/5/28 18:40:13] new JumpIn at SetActive ( D:\Sharefolder\Research_Projs_Games\UnityProj\miniraid-hd2d\Assets\Scripts\Backend\MobData\MobData.cs : 346 )
[2023/5/28 18:40:13] new JumpIn at Phase ( D:\Sharefolder\Research_Projs_Games\UnityProj\miniraid-hd2d\Assets\Scripts\Backend\CombatSchedulerCoroutine\CombatSchedulerCoroutine.Phase.cs : 34 )
[2023/5/28 18:40:16] new JumpIn at UIWaitPlayerInput ( D:\Sharefolder\Research_Projs_Games\UnityProj\miniraid-hd2d\Assets\Scripts\Backend\CombatSchedulerCoroutine\CombatSchedulerCoroutine.UI.cs : 52 )
[2023/5/28 18:40:16] new JumpIn at UIPickedAction ( D:\Sharefolder\Research_Projs_Games\UnityProj\miniraid-hd2d\Assets\Scripts\Backend\CombatSchedulerCoroutine\CombatSchedulerCoroutine.UI.cs : 69 )
[2023/5/28 18:40:17] new JumpIn at UIPickedAction ( D:\Sharefolder\Research_Projs_Games\UnityProj\miniraid-hd2d\Assets\Scripts\Backend\CombatSchedulerCoroutine\CombatSchedulerCoroutine.UI.cs : 72 )
[2023/5/28 18:40:17] new JumpIn at WaitFor ( D:\Sharefolder\Research_Projs_Games\UnityProj\miniraid-hd2d\Assets\GridUI.cs : 159 )
[2023/5/28 18:40:17] new JumpIn at AutoPass ( D:\Sharefolder\Research_Projs_Games\UnityProj\miniraid-hd2d\Assets\Scripts\UI\States\UnitMenu.cs : 179 )
[2023/5/28 18:40:18] new JumpIn at UIWaitPlayerInput ( D:\Sharefolder\Research_Projs_Games\UnityProj\miniraid-hd2d\Assets\Scripts\Backend\CombatSchedulerCoroutine\CombatSchedulerCoroutine.UI.cs : 52 )
[2023/5/28 18:40:18] new JumpIn at UIPickedAction ( D:\Sharefolder\Research_Projs_Games\UnityProj\miniraid-hd2d\Assets\Scripts\Backend\CombatSchedulerCoroutine\CombatSchedulerCoroutine.UI.cs : 69 )
[2023/5/28 18:40:18] new JumpIn at OnPassSelected ( D:\Sharefolder\Research_Projs_Games\UnityProj\miniraid-hd2d\Assets\Scripts\UI\States\UnitMenu.cs : 172 )
[2023/5/28 18:40:18] new JumpIn at SetActive ( D:\Sharefolder\Research_Projs_Games\UnityProj\miniraid-hd2d\Assets\Scripts\Backend\MobData\MobData.cs : 346 )
[2023/5/28 18:40:18] new JumpIn at UIPickedAction ( D:\Sharefolder\Research_Projs_Games\UnityProj\miniraid-hd2d\Assets\Scripts\Backend\CombatSchedulerCoroutine\CombatSchedulerCoroutine.UI.cs : 72 )
[2023/5/28 18:40:19] new JumpIn at UIWaitPlayerInput ( D:\Sharefolder\Research_Projs_Games\UnityProj\miniraid-hd2d\Assets\Scripts\Backend\CombatSchedulerCoroutine\CombatSchedulerCoroutine.UI.cs : 52 )
[2023/5/28 18:40:19] new JumpIn at UIPickedAction ( D:\Sharefolder\Research_Projs_Games\UnityProj\miniraid-hd2d\Assets\Scripts\Backend\CombatSchedulerCoroutine\CombatSchedulerCoroutine.UI.cs : 69 )
[2023/5/28 18:40:19] new JumpIn at OnPassSelected ( D:\Sharefolder\Research_Projs_Games\UnityProj\miniraid-hd2d\Assets\Scripts\UI\States\UnitMenu.cs : 172 )
[2023/5/28 18:40:19] new JumpIn at SetActive ( D:\Sharefolder\Research_Projs_Games\UnityProj\miniraid-hd2d\Assets\Scripts\Backend\MobData\MobData.cs : 346 )
[2023/5/28 18:40:19] new JumpIn at UIPickedAction ( D:\Sharefolder\Research_Projs_Games\UnityProj\miniraid-hd2d\Assets\Scripts\Backend\CombatSchedulerCoroutine\CombatSchedulerCoroutine.UI.cs : 72 )
[2023/5/28 18:40:19] new JumpIn at UIWaitPlayerInput ( D:\Sharefolder\Research_Projs_Games\UnityProj\miniraid-hd2d\Assets\Scripts\Backend\CombatSchedulerCoroutine\CombatSchedulerCoroutine.UI.cs : 52 )
[2023/5/28 18:40:19] new JumpIn at UIPickedAction ( D:\Sharefolder\Research_Projs_Games\UnityProj\miniraid-hd2d\Assets\Scripts\Backend\CombatSchedulerCoroutine\CombatSchedulerCoroutine.UI.cs : 69 )
[2023/5/28 18:40:19] new JumpIn at OnPassSelected ( D:\Sharefolder\Research_Projs_Games\UnityProj\miniraid-hd2d\Assets\Scripts\UI\States\UnitMenu.cs : 172 )
[2023/5/28 18:40:19] new JumpIn at SetActive ( D:\Sharefolder\Research_Projs_Games\UnityProj\miniraid-hd2d\Assets\Scripts\Backend\MobData\MobData.cs : 346 )
[2023/5/28 18:40:20] new JumpIn at UIPickedAction ( D:\Sharefolder\Research_Projs_Games\UnityProj\miniraid-hd2d\Assets\Scripts\Backend\CombatSchedulerCoroutine\CombatSchedulerCoroutine.UI.cs : 72 )
[2023/5/28 18:40:20] new JumpIn at UIWaitPlayerInput ( D:\Sharefolder\Research_Projs_Games\UnityProj\miniraid-hd2d\Assets\Scripts\Backend\CombatSchedulerCoroutine\CombatSchedulerCoroutine.UI.cs : 52 )
[2023/5/28 18:40:20] new JumpIn at UIPickedAction ( D:\Sharefolder\Research_Projs_Games\UnityProj\miniraid-hd2d\Assets\Scripts\Backend\CombatSchedulerCoroutine\CombatSchedulerCoroutine.UI.cs : 69 )
[2023/5/28 18:40:20] new JumpIn at OnPassSelected ( D:\Sharefolder\Research_Projs_Games\UnityProj\miniraid-hd2d\Assets\Scripts\UI\States\UnitMenu.cs : 172 )
[2023/5/28 18:40:20] new JumpIn at SetActive ( D:\Sharefolder\Research_Projs_Games\UnityProj\miniraid-hd2d\Assets\Scripts\Backend\MobData\MobData.cs : 346 )
[2023/5/28 18:40:20] new JumpIn at UIPickedAction ( D:\Sharefolder\Research_Projs_Games\UnityProj\miniraid-hd2d\Assets\Scripts\Backend\CombatSchedulerCoroutine\CombatSchedulerCoroutine.UI.cs : 72 )
[2023/5/28 18:40:21] new JumpIn at UIWaitPlayerInput ( D:\Sharefolder\Research_Projs_Games\UnityProj\miniraid-hd2d\Assets\Scripts\Backend\CombatSchedulerCoroutine\CombatSchedulerCoroutine.UI.cs : 52 )
[2023/5/28 18:40:21] new JumpIn at UIPickedAction ( D:\Sharefolder\Research_Projs_Games\UnityProj\miniraid-hd2d\Assets\Scripts\Backend\CombatSchedulerCoroutine\CombatSchedulerCoroutine.UI.cs : 69 )
[2023/5/28 18:40:21] new JumpIn at OnPassSelected ( D:\Sharefolder\Research_Projs_Games\UnityProj\miniraid-hd2d\Assets\Scripts\UI\States\UnitMenu.cs : 172 )
[2023/5/28 18:40:21] new JumpIn at SetActive ( D:\Sharefolder\Research_Projs_Games\UnityProj\miniraid-hd2d\Assets\Scripts\Backend\MobData\MobData.cs : 346 )
[2023/5/28 18:40:21] new JumpIn at UIPickedAction ( D:\Sharefolder\Research_Projs_Games\UnityProj\miniraid-hd2d\Assets\Scripts\Backend\CombatSchedulerCoroutine\CombatSchedulerCoroutine.UI.cs : 72 )
[2023/5/28 18:40:21] new JumpIn at UIWaitPlayerInput ( D:\Sharefolder\Research_Projs_Games\UnityProj\miniraid-hd2d\Assets\Scripts\Backend\CombatSchedulerCoroutine\CombatSchedulerCoroutine.UI.cs : 52 )
[2023/5/28 18:40:21] new JumpIn at UIPickedAction ( D:\Sharefolder\Research_Projs_Games\UnityProj\miniraid-hd2d\Assets\Scripts\Backend\CombatSchedulerCoroutine\CombatSchedulerCoroutine.UI.cs : 69 )
[2023/5/28 18:40:21] new JumpIn at OnPassSelected ( D:\Sharefolder\Research_Projs_Games\UnityProj\miniraid-hd2d\Assets\Scripts\UI\States\UnitMenu.cs : 172 )
[2023/5/28 18:40:21] new JumpIn at SetActive ( D:\Sharefolder\Research_Projs_Games\UnityProj\miniraid-hd2d\Assets\Scripts\Backend\MobData\MobData.cs : 346 )
[2023/5/28 18:40:22] new JumpIn at UIPickedAction ( D:\Sharefolder\Research_Projs_Games\UnityProj\miniraid-hd2d\Assets\Scripts\Backend\CombatSchedulerCoroutine\CombatSchedulerCoroutine.UI.cs : 72 )
