- Start of debug log -
[2024/1/15 5:36:17] AWAKE
[回合0] 00m 05s:  SerialCoroutine awake
[回合0] 00m 05s:  StartSerialCoroutine

[回合0] 00m 05s:  new JumpIn at Combat ( D:\Sharefolder\Research_Projs_Games\UnityProj\miniraid-hd2d\Assets\Scripts\Backend\CombatSchedulerCoroutine\CombatSchedulerCoroutine.cs : 52 )
[回合0] 00m 08s:  new JumpIn at Combat ( D:\Sharefolder\Research_Projs_Games\UnityProj\miniraid-hd2d\Assets\Scripts\Backend\CombatSchedulerCoroutine\CombatSchedulerCoroutine.cs : 58 )
[回合0] 00m 08s:  new JumpIn at Combat ( D:\Sharefolder\Research_Projs_Games\UnityProj\miniraid-hd2d\Assets\Scripts\Backend\CombatSchedulerCoroutine\CombatSchedulerCoroutine.cs : 61 )
[回合0] 00m 08s:  new JumpIn at Combat ( D:\Sharefolder\Research_Projs_Games\UnityProj\miniraid-hd2d\Assets\Scripts\Backend\CombatSchedulerCoroutine\CombatSchedulerCoroutine.cs : 69 )
[回合1] 00m 09s:  new JumpIn at Combat ( D:\Sharefolder\Research_Projs_Games\UnityProj\miniraid-hd2d\Assets\Scripts\Backend\CombatSchedulerCoroutine\CombatSchedulerCoroutine.cs : 78 )
[回合1] 00m 10s:  new JumpIn at Phase ( D:\Sharefolder\Research_Projs_Games\UnityProj\miniraid-hd2d\Assets\Scripts\Backend\CombatSchedulerCoroutine\CombatSchedulerCoroutine.Phase.cs : 46 )
[回合1] 00m 10s:  new JumpIn at WakeUpMobs ( D:\Sharefolder\Research_Projs_Games\UnityProj\miniraid-hd2d\Assets\Scripts\Backend\CombatSchedulerCoroutine\CombatSchedulerCoroutine.Phase.cs : 188 )
[回合1] 00m 10s:  [SetActive] Umiko: True
[回合1] 00m 10s:  new JumpIn at SetActive ( D:\Sharefolder\Research_Projs_Games\UnityProj\miniraid-hd2d\Assets\Scripts\Backend\MobData\MobData.cs : 379 )
[回合1] 00m 10s:  new JumpIn at WakeUpMobs ( D:\Sharefolder\Research_Projs_Games\UnityProj\miniraid-hd2d\Assets\Scripts\Backend\CombatSchedulerCoroutine\CombatSchedulerCoroutine.Phase.cs : 188 )
[回合1] 00m 10s:  [SetActive] Astrologer: True
[回合1] 00m 10s:  new JumpIn at SetActive ( D:\Sharefolder\Research_Projs_Games\UnityProj\miniraid-hd2d\Assets\Scripts\Backend\MobData\MobData.cs : 379 )
[回合1] 00m 10s:  new JumpIn at WakeUpMobs ( D:\Sharefolder\Research_Projs_Games\UnityProj\miniraid-hd2d\Assets\Scripts\Backend\CombatSchedulerCoroutine\CombatSchedulerCoroutine.Phase.cs : 188 )
[回合1] 00m 10s:  [SetActive] Archer3: True
[回合1] 00m 10s:  new JumpIn at SetActive ( D:\Sharefolder\Research_Projs_Games\UnityProj\miniraid-hd2d\Assets\Scripts\Backend\MobData\MobData.cs : 379 )
[回合1] 00m 10s:  new JumpIn at WakeUpMobs ( D:\Sharefolder\Research_Projs_Games\UnityProj\miniraid-hd2d\Assets\Scripts\Backend\CombatSchedulerCoroutine\CombatSchedulerCoroutine.Phase.cs : 188 )
[回合1] 00m 10s:  [SetActive] Archer2: True
[回合1] 00m 10s:  new JumpIn at SetActive ( D:\Sharefolder\Research_Projs_Games\UnityProj\miniraid-hd2d\Assets\Scripts\Backend\MobData\MobData.cs : 379 )
[回合1] 00m 10s:  new JumpIn at WakeUpMobs ( D:\Sharefolder\Research_Projs_Games\UnityProj\miniraid-hd2d\Assets\Scripts\Backend\CombatSchedulerCoroutine\CombatSchedulerCoroutine.Phase.cs : 188 )
[回合1] 00m 10s:  [SetActive] Archer: True
[回合1] 00m 10s:  new JumpIn at SetActive ( D:\Sharefolder\Research_Projs_Games\UnityProj\miniraid-hd2d\Assets\Scripts\Backend\MobData\MobData.cs : 379 )
[回合1] 00m 10s:  new JumpIn at WakeUpMobs ( D:\Sharefolder\Research_Projs_Games\UnityProj\miniraid-hd2d\Assets\Scripts\Backend\CombatSchedulerCoroutine\CombatSchedulerCoroutine.Phase.cs : 188 )
[回合1] 00m 10s:  [SetActive] Gaceon: True
[回合1] 00m 10s:  new JumpIn at SetActive ( D:\Sharefolder\Research_Projs_Games\UnityProj\miniraid-hd2d\Assets\Scripts\Backend\MobData\MobData.cs : 379 )
[回合1] 00m 10s:  new JumpIn at WakeUpMobs ( D:\Sharefolder\Research_Projs_Games\UnityProj\miniraid-hd2d\Assets\Scripts\Backend\CombatSchedulerCoroutine\CombatSchedulerCoroutine.Phase.cs : 188 )
[回合1] 00m 10s:  [SetActive] Flora: True
[回合1] 00m 10s:  new JumpIn at SetActive ( D:\Sharefolder\Research_Projs_Games\UnityProj\miniraid-hd2d\Assets\Scripts\Backend\MobData\MobData.cs : 379 )
[回合1] 00m 10s:  new JumpIn at WakeUpMobs ( D:\Sharefolder\Research_Projs_Games\UnityProj\miniraid-hd2d\Assets\Scripts\Backend\CombatSchedulerCoroutine\CombatSchedulerCoroutine.Phase.cs : 188 )
[回合1] 00m 10s:  [SetActive] Felivol: True
[回合1] 00m 10s:  new JumpIn at SetActive ( D:\Sharefolder\Research_Projs_Games\UnityProj\miniraid-hd2d\Assets\Scripts\Backend\MobData\MobData.cs : 371 )
[回合1] 00m 10s:  new JumpIn at Invoke ( D:\Sharefolder\Research_Projs_Games\UnityProj\miniraid-hd2d\Assets\Scripts\Backend\CombatSchedulerCoroutine\Essentials\CoroutineEvent.cs : 67 )
[回合1] 00m 10s:  new JumpIn at Invoke ( D:\Sharefolder\Research_Projs_Games\UnityProj\miniraid-hd2d\Assets\Scripts\Backend\CombatSchedulerCoroutine\Essentials\CoroutineEvent.cs : 67 )
[回合1] 00m 10s:  new JumpIn at SetActive ( D:\Sharefolder\Research_Projs_Games\UnityProj\miniraid-hd2d\Assets\Scripts\Backend\MobData\MobData.cs : 379 )
[回合1] 00m 10s:  new JumpIn at WakeUpMobs ( D:\Sharefolder\Research_Projs_Games\UnityProj\miniraid-hd2d\Assets\Scripts\Backend\CombatSchedulerCoroutine\CombatSchedulerCoroutine.Phase.cs : 188 )
[回合1] 00m 10s:  [SetActive] Lilium: True
[回合1] 00m 10s:  new JumpIn at SetActive ( D:\Sharefolder\Research_Projs_Games\UnityProj\miniraid-hd2d\Assets\Scripts\Backend\MobData\MobData.cs : 379 )
[回合1] 00m 10s:  new JumpIn at WakeUpMobs ( D:\Sharefolder\Research_Projs_Games\UnityProj\miniraid-hd2d\Assets\Scripts\Backend\CombatSchedulerCoroutine\CombatSchedulerCoroutine.Phase.cs : 196 )
[回合1] 00m 10s:  new JumpIn at WakeUpMobs ( D:\Sharefolder\Research_Projs_Games\UnityProj\miniraid-hd2d\Assets\Scripts\Backend\CombatSchedulerCoroutine\CombatSchedulerCoroutine.Phase.cs : 196 )
[回合1] 00m 10s:  new JumpIn at WakeUpMobs ( D:\Sharefolder\Research_Projs_Games\UnityProj\miniraid-hd2d\Assets\Scripts\Backend\CombatSchedulerCoroutine\CombatSchedulerCoroutine.Phase.cs : 196 )
[回合1] 00m 10s:  new JumpIn at WakeUpMobs ( D:\Sharefolder\Research_Projs_Games\UnityProj\miniraid-hd2d\Assets\Scripts\Backend\CombatSchedulerCoroutine\CombatSchedulerCoroutine.Phase.cs : 196 )
[回合1] 00m 10s:  new JumpIn at WakeUpMobs ( D:\Sharefolder\Research_Projs_Games\UnityProj\miniraid-hd2d\Assets\Scripts\Backend\CombatSchedulerCoroutine\CombatSchedulerCoroutine.Phase.cs : 196 )
[回合1] 00m 10s:  new JumpIn at WakeUpMobs ( D:\Sharefolder\Research_Projs_Games\UnityProj\miniraid-hd2d\Assets\Scripts\Backend\CombatSchedulerCoroutine\CombatSchedulerCoroutine.Phase.cs : 196 )
[回合1] 00m 10s:  new JumpIn at WakeUpMobs ( D:\Sharefolder\Research_Projs_Games\UnityProj\miniraid-hd2d\Assets\Scripts\Backend\CombatSchedulerCoroutine\CombatSchedulerCoroutine.Phase.cs : 196 )
[回合1] 00m 10s:  new JumpIn at WakeUpMobs ( D:\Sharefolder\Research_Projs_Games\UnityProj\miniraid-hd2d\Assets\Scripts\Backend\CombatSchedulerCoroutine\CombatSchedulerCoroutine.Phase.cs : 196 )
[回合1] 00m 10s:  new JumpIn at WakeUpMobs ( D:\Sharefolder\Research_Projs_Games\UnityProj\miniraid-hd2d\Assets\Scripts\Backend\CombatSchedulerCoroutine\CombatSchedulerCoroutine.Phase.cs : 196 )
[回合1] 00m 10s:  new JumpIn at Combat ( D:\Sharefolder\Research_Projs_Games\UnityProj\miniraid-hd2d\Assets\Scripts\Backend\CombatSchedulerCoroutine\CombatSchedulerCoroutine.cs : 80 )
[回合1] 00m 10s:  [csc] TURN START: Player
[回合1] 00m 10s:  new JumpIn at Turn ( D:\Sharefolder\Research_Projs_Games\UnityProj\miniraid-hd2d\Assets\Scripts\Backend\CombatSchedulerCoroutine\CombatSchedulerCoroutine.Phase.cs : 118 )
[回合1] 00m 15s:  [csc-UI] Set actionToDo to non-null value
[回合1] 00m 15s:  new JumpIn at UIWaitPlayerInput ( D:\Sharefolder\Research_Projs_Games\UnityProj\miniraid-hd2d\Assets\Scripts\Backend\CombatSchedulerCoroutine\CombatSchedulerCoroutine.UI.cs : 52 )
[回合1] 00m 15s:  new JumpIn at UIPickedAction ( D:\Sharefolder\Research_Projs_Games\UnityProj\miniraid-hd2d\Assets\Scripts\Backend\CombatSchedulerCoroutine\CombatSchedulerCoroutine.UI.cs : 71 )
[回合1] 00m 17s:  new JumpIn at UIPickedAction ( D:\Sharefolder\Research_Projs_Games\UnityProj\miniraid-hd2d\Assets\Scripts\Backend\CombatSchedulerCoroutine\CombatSchedulerCoroutine.UI.cs : 74 )
[回合1] 00m 17s:  new JumpIn at WaitFor ( D:\Sharefolder\Research_Projs_Games\UnityProj\miniraid-hd2d\Assets\Scripts\UI\GridUI.cs : 193 )
[回合1] 00m 17s:  new JumpIn at UIMenuPostAction ( D:\Sharefolder\Research_Projs_Games\UnityProj\miniraid-hd2d\Assets\Scripts\UI\States\UnitMenu.cs : 333 )
[回合1] 00m 17s:  new JumpIn at AutoPass ( D:\Sharefolder\Research_Projs_Games\UnityProj\miniraid-hd2d\Assets\Scripts\UI\States\UnitMenu.cs : 271 )
[回合1] 00m 17s:  [csc-UI] Set actionToDo to NULL value
[回合1] 01m 14s:  [csc-UI] Set actionToDo to non-null value
[回合1] 01m 14s:  new JumpIn at UIWaitPlayerInput ( D:\Sharefolder\Research_Projs_Games\UnityProj\miniraid-hd2d\Assets\Scripts\Backend\CombatSchedulerCoroutine\CombatSchedulerCoroutine.UI.cs : 52 )
[回合1] 01m 14s:  new JumpIn at UIPickedAction ( D:\Sharefolder\Research_Projs_Games\UnityProj\miniraid-hd2d\Assets\Scripts\Backend\CombatSchedulerCoroutine\CombatSchedulerCoroutine.UI.cs : 71 )
[回合1] 01m 15s:  new JumpIn at RequestInUI ( D:\Sharefolder\Research_Projs_Games\UnityProj\miniraid-hd2d\Assets\Scripts\Backend\SOCore\Action\ActionDataSO.cs : 471 )
[回合1] 01m 15s:  new JumpIn at DoAction ( D:\Sharefolder\Research_Projs_Games\UnityProj\miniraid-hd2d\Assets\Scripts\Backend\MobData\MobData.actions.cs : 247 )
[回合1] 01m 15s:  [DoAction] Umiko attempts casting Movement towards (8, 0, 8)
[回合1] 01m 15s:  new JumpIn at DoAction ( D:\Sharefolder\Research_Projs_Games\UnityProj\miniraid-hd2d\Assets\Scripts\Backend\MobData\MobData.actions.cs : 273 )
[回合1] 01m 15s:  new JumpIn at DoAction ( D:\Sharefolder\Research_Projs_Games\UnityProj\miniraid-hd2d\Assets\Scripts\Backend\MobData\MobData.actions.cs : 274 )
[回合1] 01m 15s:  new JumpIn at Activate ( D:\Sharefolder\Research_Projs_Games\UnityProj\miniraid-hd2d\Assets\Scripts\Backend\SOCore\Action\ActionDataSO.cs : 376 )
[回合1] 01m 15s:  new JumpIn at Do ( D:\Sharefolder\Research_Projs_Games\UnityProj\miniraid-hd2d\Assets\Scripts\Backend\SOCore\Action\ActionDataSO.cs : 366 )
[回合1] 01m 15s:  new JumpIn at OnPerform ( D:\Sharefolder\Research_Projs_Games\UnityProj\miniraid-hd2d\Assets\GameContent\Allies\Actions\Essentials\Scripts\Movement.cs : 12 )
[回合1] 01m 15s:  new JumpIn at MoveToCoroutine ( D:\Sharefolder\Research_Projs_Games\UnityProj\miniraid-hd2d\Assets\Scripts\Backend\MobData\MobData.actions.cs : 105 )
[回合1] 01m 16s:  new JumpIn at MoveToCoroutine ( D:\Sharefolder\Research_Projs_Games\UnityProj\miniraid-hd2d\Assets\Scripts\Backend\MobData\MobData.actions.cs : 126 )
[回合1] 01m 16s:  new JumpIn at SetPosition ( D:\Sharefolder\Research_Projs_Games\UnityProj\miniraid-hd2d\Assets\Scripts\Backend\MobData\MobData.cs : 65 )
[回合1] 01m 16s:  new JumpIn at Invoke ( D:\Sharefolder\Research_Projs_Games\UnityProj\miniraid-hd2d\Assets\Scripts\Backend\CombatSchedulerCoroutine\Essentials\CoroutineEvent.cs : 105 )
[回合1] 01m 16s:  new JumpIn at SourceOnMobMoved ( D:\Sharefolder\Research_Projs_Games\UnityProj\miniraid-hd2d\Assets\GameContent\Allies\Passives\GeneralSkills\AuraEffectSO.cs : 90 )
[回合1] 01m 16s:  new JumpIn at SourceOnMobMoved ( D:\Sharefolder\Research_Projs_Games\UnityProj\miniraid-hd2d\Assets\GameContent\Allies\Passives\GeneralSkills\AuraEffectSO.cs : 90 )
[回合1] 01m 16s:  new JumpIn at SourceOnMobMoved ( D:\Sharefolder\Research_Projs_Games\UnityProj\miniraid-hd2d\Assets\GameContent\Allies\Passives\GeneralSkills\AuraEffectSO.cs : 90 )
[回合1] 01m 16s:  new JumpIn at SourceOnMobMoved ( D:\Sharefolder\Research_Projs_Games\UnityProj\miniraid-hd2d\Assets\GameContent\Allies\Passives\GeneralSkills\AuraEffectSO.cs : 90 )
[回合1] 01m 16s:  new JumpIn at SourceOnMobMoved ( D:\Sharefolder\Research_Projs_Games\UnityProj\miniraid-hd2d\Assets\GameContent\Allies\Passives\GeneralSkills\AuraEffectSO.cs : 90 )
[回合1] 01m 16s:  new JumpIn at SourceOnMobMoved ( D:\Sharefolder\Research_Projs_Games\UnityProj\miniraid-hd2d\Assets\GameContent\Allies\Passives\GeneralSkills\AuraEffectSO.cs : 90 )
[回合1] 01m 16s:  new JumpIn at SourceOnMobMoved ( D:\Sharefolder\Research_Projs_Games\UnityProj\miniraid-hd2d\Assets\GameContent\Allies\Passives\GeneralSkills\AuraEffectSO.cs : 90 )
[回合1] 01m 16s:  new JumpIn at SourceOnMobMoved ( D:\Sharefolder\Research_Projs_Games\UnityProj\miniraid-hd2d\Assets\GameContent\Allies\Passives\GeneralSkills\AuraEffectSO.cs : 90 )
[回合1] 01m 16s:  new JumpIn at MoveToCoroutine ( D:\Sharefolder\Research_Projs_Games\UnityProj\miniraid-hd2d\Assets\Scripts\Backend\MobData\MobData.actions.cs : 126 )
[回合1] 01m 16s:  new JumpIn at SetPosition ( D:\Sharefolder\Research_Projs_Games\UnityProj\miniraid-hd2d\Assets\Scripts\Backend\MobData\MobData.cs : 65 )
[回合1] 01m 16s:  new JumpIn at Invoke ( D:\Sharefolder\Research_Projs_Games\UnityProj\miniraid-hd2d\Assets\Scripts\Backend\CombatSchedulerCoroutine\Essentials\CoroutineEvent.cs : 105 )
[回合1] 01m 16s:  new JumpIn at SourceOnMobMoved ( D:\Sharefolder\Research_Projs_Games\UnityProj\miniraid-hd2d\Assets\GameContent\Allies\Passives\GeneralSkills\AuraEffectSO.cs : 90 )
[回合1] 01m 16s:  new JumpIn at SourceOnMobMoved ( D:\Sharefolder\Research_Projs_Games\UnityProj\miniraid-hd2d\Assets\GameContent\Allies\Passives\GeneralSkills\AuraEffectSO.cs : 90 )
[回合1] 01m 16s:  new JumpIn at SourceOnMobMoved ( D:\Sharefolder\Research_Projs_Games\UnityProj\miniraid-hd2d\Assets\GameContent\Allies\Passives\GeneralSkills\AuraEffectSO.cs : 90 )
[回合1] 01m 16s:  new JumpIn at SourceOnMobMoved ( D:\Sharefolder\Research_Projs_Games\UnityProj\miniraid-hd2d\Assets\GameContent\Allies\Passives\GeneralSkills\AuraEffectSO.cs : 90 )
[回合1] 01m 16s:  new JumpIn at SourceOnMobMoved ( D:\Sharefolder\Research_Projs_Games\UnityProj\miniraid-hd2d\Assets\GameContent\Allies\Passives\GeneralSkills\AuraEffectSO.cs : 90 )
[回合1] 01m 16s:  new JumpIn at SourceOnMobMoved ( D:\Sharefolder\Research_Projs_Games\UnityProj\miniraid-hd2d\Assets\GameContent\Allies\Passives\GeneralSkills\AuraEffectSO.cs : 90 )
[回合1] 01m 16s:  new JumpIn at SourceOnMobMoved ( D:\Sharefolder\Research_Projs_Games\UnityProj\miniraid-hd2d\Assets\GameContent\Allies\Passives\GeneralSkills\AuraEffectSO.cs : 90 )
[回合1] 01m 16s:  new JumpIn at SourceOnMobMoved ( D:\Sharefolder\Research_Projs_Games\UnityProj\miniraid-hd2d\Assets\GameContent\Allies\Passives\GeneralSkills\AuraEffectSO.cs : 90 )
[回合1] 01m 16s:  new JumpIn at MoveToCoroutine ( D:\Sharefolder\Research_Projs_Games\UnityProj\miniraid-hd2d\Assets\Scripts\Backend\MobData\MobData.actions.cs : 126 )
[回合1] 01m 16s:  new JumpIn at SetPosition ( D:\Sharefolder\Research_Projs_Games\UnityProj\miniraid-hd2d\Assets\Scripts\Backend\MobData\MobData.cs : 65 )
[回合1] 01m 16s:  new JumpIn at Invoke ( D:\Sharefolder\Research_Projs_Games\UnityProj\miniraid-hd2d\Assets\Scripts\Backend\CombatSchedulerCoroutine\Essentials\CoroutineEvent.cs : 105 )
[回合1] 01m 16s:  new JumpIn at SourceOnMobMoved ( D:\Sharefolder\Research_Projs_Games\UnityProj\miniraid-hd2d\Assets\GameContent\Allies\Passives\GeneralSkills\AuraEffectSO.cs : 90 )
[回合1] 01m 16s:  new JumpIn at SourceOnMobMoved ( D:\Sharefolder\Research_Projs_Games\UnityProj\miniraid-hd2d\Assets\GameContent\Allies\Passives\GeneralSkills\AuraEffectSO.cs : 90 )
[回合1] 01m 16s:  new JumpIn at SourceOnMobMoved ( D:\Sharefolder\Research_Projs_Games\UnityProj\miniraid-hd2d\Assets\GameContent\Allies\Passives\GeneralSkills\AuraEffectSO.cs : 90 )
[回合1] 01m 16s:  new JumpIn at SourceOnMobMoved ( D:\Sharefolder\Research_Projs_Games\UnityProj\miniraid-hd2d\Assets\GameContent\Allies\Passives\GeneralSkills\AuraEffectSO.cs : 90 )
[回合1] 01m 16s:  new JumpIn at SourceOnMobMoved ( D:\Sharefolder\Research_Projs_Games\UnityProj\miniraid-hd2d\Assets\GameContent\Allies\Passives\GeneralSkills\AuraEffectSO.cs : 90 )
[回合1] 01m 16s:  new JumpIn at SourceOnMobMoved ( D:\Sharefolder\Research_Projs_Games\UnityProj\miniraid-hd2d\Assets\GameContent\Allies\Passives\GeneralSkills\AuraEffectSO.cs : 90 )
[回合1] 01m 16s:  new JumpIn at SourceOnMobMoved ( D:\Sharefolder\Research_Projs_Games\UnityProj\miniraid-hd2d\Assets\GameContent\Allies\Passives\GeneralSkills\AuraEffectSO.cs : 90 )
[回合1] 01m 16s:  new JumpIn at SourceOnMobMoved ( D:\Sharefolder\Research_Projs_Games\UnityProj\miniraid-hd2d\Assets\GameContent\Allies\Passives\GeneralSkills\AuraEffectSO.cs : 90 )
[回合1] 01m 16s:  new JumpIn at DoAction ( D:\Sharefolder\Research_Projs_Games\UnityProj\miniraid-hd2d\Assets\Scripts\Backend\MobData\MobData.actions.cs : 275 )
[回合1] 01m 16s:  new JumpIn at UIPickedAction ( D:\Sharefolder\Research_Projs_Games\UnityProj\miniraid-hd2d\Assets\Scripts\Backend\CombatSchedulerCoroutine\CombatSchedulerCoroutine.UI.cs : 74 )
[回合1] 01m 16s:  new JumpIn at WaitFor ( D:\Sharefolder\Research_Projs_Games\UnityProj\miniraid-hd2d\Assets\Scripts\UI\GridUI.cs : 193 )
[回合1] 01m 16s:  new JumpIn at UIMenuPostAction ( D:\Sharefolder\Research_Projs_Games\UnityProj\miniraid-hd2d\Assets\Scripts\UI\States\UnitMenu.cs : 333 )
[回合1] 01m 16s:  new JumpIn at AutoPass ( D:\Sharefolder\Research_Projs_Games\UnityProj\miniraid-hd2d\Assets\Scripts\UI\States\UnitMenu.cs : 271 )
[回合1] 01m 16s:  [csc-UI] Set actionToDo to NULL value
