- Start of debug log -
[2023/6/2 11:38:07] AWAKE
[2023/6/2 11:38:12] 回合1
[2023/6/2 11:38:12] Attacker (2) 获得了来自 Attacker (2) 的 攻击者
[2023/6/2 11:38:12] Attacker 获得了来自 Attacker 的 攻击者
[2023/6/2 11:38:12] Defender 获得了来自 Defender 的 防卫者
[2023/6/2 11:38:12] BossMu 获得了来自 BossMu 的 史莱姆爆发 [115]
[2023/6/2 11:38:12] Attacker (1) 获得了来自 Attacker (1) 的 攻击者
[2023/6/2 11:38:12] Defender (1) 获得了来自 Defender (1) 的 防卫者
[2023/6/2 11:38:24] Defender 施放了 Move, 目标：(10, 8) 
[2023/6/2 11:38:25] Defender 施放了 拳, 目标：(11, 7) 
[2023/6/2 11:38:25] Defender 的 拳 对 BossMu 造成了 8 点 Knock 伤害。生命值：567
[2023/6/2 11:38:27] Defender (1) 施放了 Move, 目标：(11, 5) 
[2023/6/2 11:38:30] Attacker 施放了 疾飞之箭, 目标：(11, 7) 
[2023/6/2 11:38:31] Attacker 的 疾飞之箭 对 BossMu 造成了 6 点 Pierce 伤害。生命值：561
[2023/6/2 11:38:31] BossMu 获得了来自 Attacker 的 出血 (5T)
[2023/6/2 11:38:33] Attacker (2) 施放了 射击, 目标：(11, 7) 
[2023/6/2 11:38:34] Attacker (2) 的 射击 对 BossMu 造成了 13 点 Pierce 伤害。生命值：548
[2023/6/2 11:38:36] Attacker (1) 施放了 Move, 目标：(4, 6) 
[2023/6/2 11:38:37] Attacker (1) 施放了 射击, 目标：(11, 7) 
[2023/6/2 11:38:38] Attacker (1) 的 射击 对 BossMu 造成了 13 点 Pierce 伤害。生命值：535
[2023/6/2 11:38:40] Healer (1) 施放了 Move, 目标：(6, 5) 
[2023/6/2 11:38:42] Healer (1) 施放了 栽培, 目标：(11, 5) 
[2023/6/2 11:38:42] Defender (1) 获得了来自 Healer (1) 的 栽培 (3T)
[2023/6/2 11:38:44] Healer 施放了 Move, 目标：(5, 8) 
[2023/6/2 11:38:45] Healer 施放了 Move, 目标：(6, 8) 
[2023/6/2 11:38:47] Healer 施放了 栽培, 目标：(10, 8) 
[2023/6/2 11:38:47] Defender 获得了来自 Healer 的 栽培 (3T)
[2023/6/2 11:38:48] Attacker 的 出血 对 BossMu 造成了 3 点 Pierce 伤害。生命值：532
[2023/6/2 11:38:48] BossMu 施放了 小史莱姆标记, 目标：(10, 8) 
[2023/6/2 11:38:49] Attacker (2) 获得了来自 BossMu 的 锁定
[2023/6/2 11:38:49] BossMu 施放了 史莱姆攻击, 目标：(10, 8) 
[2023/6/2 11:38:49] BossMu 的 史莱姆攻击 对 Defender 造成了 9 点 Nature 伤害。生命值：71
[2023/6/2 11:38:49] Defender 获得了来自 BossMu 的 史莱姆毒素 (5T)
[2023/6/2 11:38:49] BossMu 施放了 史莱姆攻击, 目标：(10, 8) 
[2023/6/2 11:38:50] BossMu 的 史莱姆攻击 对 Defender 造成了 9 点 Nature 伤害。生命值：62
[2023/6/2 11:38:50] Defender 重新获得了来自 BossMu 的 2x 史莱姆毒素 (5T)
[2023/6/2 11:38:50] 回合2
[2023/6/2 11:38:50] Healer 的 栽培 对 Defender 造成了 5 点 Heal 。生命值：67
[2023/6/2 11:38:50] BossMu 的 史莱姆毒素 对 Defender 造成了 4 点 Nature 伤害。生命值：63
[2023/6/2 11:38:51] Healer (1) 的 栽培 对 Defender (1) 造成了 0 点 Heal 。生命值：80
[2023/6/2 11:38:56] Healer 施放了 栽培, 目标：(3, 10) 
[2023/6/2 11:38:57] Attacker 获得了来自 Healer 的 栽培 (3T)
[2023/6/2 11:39:00] Healer (1) 施放了 栽培, 目标：(6, 8) 
[2023/6/2 11:39:01] Healer 获得了来自 Healer (1) 的 栽培 (3T)
[2023/6/2 11:39:06] Attacker (2) 施放了 射击, 目标：(11, 7) 
[2023/6/2 11:39:06] Attacker (2) 的 射击 对 BossMu 造成了 13 点 Pierce 伤害。生命值：519
[2023/6/2 11:39:08] Attacker (2) 施放了 射击, 目标：(11, 7) 
[2023/6/2 11:39:08] Attacker (2) 的 射击 对 BossMu 造成了 13 点 Pierce 伤害。生命值：506
[2023/6/2 11:39:10] Attacker (1) 施放了 射击, 目标：(11, 7) 
[2023/6/2 11:39:10] Attacker (1) 的 射击 对 BossMu 造成了 26 点 Pierce 伤害（暴击）。生命值：480
[2023/6/2 11:39:12] Attacker 施放了 射击, 目标：(11, 7) 
[2023/6/2 11:39:13] Attacker 的 射击 对 BossMu 造成了 13 点 Pierce 伤害。生命值：467
[2023/6/2 11:39:14] Attacker 施放了 射击, 目标：(11, 7) 
[2023/6/2 11:39:14] Attacker 的 射击 对 BossMu 造成了 13 点 Pierce 伤害。生命值：454
[2023/6/2 11:39:14] BossMu 施放了 史莱姆爆炸, 目标：(11, 7) 
[2023/6/2 11:39:15] BossMu 的 史莱姆爆炸 对 Attacker (2) 造成了 15 点 Nature 伤害。生命值：38
[2023/6/2 11:39:15] BossMu 的 史莱姆爆炸 对 Attacker 造成了 15 点 Nature 伤害。生命值：38
[2023/6/2 11:39:15] BossMu 的 史莱姆爆炸 对 Defender 造成了 15 点 Nature 伤害。生命值：48
[2023/6/2 11:39:15] BossMu 的 史莱姆爆炸 对 Healer 造成了 15 点 Nature 伤害。生命值：41
[2023/6/2 11:39:15] BossMu 的 史莱姆爆炸 对 Healer (1) 造成了 15 点 Nature 伤害。生命值：41
[2023/6/2 11:39:15] BossMu 的 史莱姆爆炸 对 Attacker (1) 造成了 15 点 Nature 伤害。生命值：38
[2023/6/2 11:39:15] BossMu 的 史莱姆爆炸 对 Defender (1) 造成了 15 点 Nature 伤害。生命值：65
[2023/6/2 11:39:20] Defender 施放了 拳, 目标：(11, 7) 
[2023/6/2 11:39:20] Defender 的 拳 对 BossMu 造成了 8 点 Knock 伤害。生命值：446
[2023/6/2 11:39:22] Defender 施放了 拳, 目标：(11, 7) 
[2023/6/2 11:39:22] Defender 的 拳 对 BossMu 造成了 8 点 Knock 伤害。生命值：438
[2023/6/2 11:39:23] Defender 施放了 拳, 目标：(11, 7) 
[2023/6/2 11:39:24] Defender 的 拳 对 BossMu 造成了 8 点 Knock 伤害。生命值：430
[2023/6/2 11:39:25] Defender (1) 施放了 拳, 目标：(11, 7) 
[2023/6/2 11:39:26] Defender (1) 的 拳 对 BossMu 造成了 8 点 Knock 伤害。生命值：422
[2023/6/2 11:39:26] Attacker 的 出血 对 BossMu 造成了 3 点 Pierce 伤害。生命值：419
[2023/6/2 11:39:26] BossMu 施放了 小史莱姆投掷, 目标：(10, 8) 
[2023/6/2 11:39:27] BossMu 的 小史莱姆投掷 对 Attacker (2) 造成了 0 点 Nature 伤害。生命值：38
[2023/6/2 11:39:27] Attacker (2) 失去了来自 BossMu 的 锁定
[2023/6/2 11:39:27] Attacker (1) 获得了来自 BossMu 的 腐化酸池
[2023/6/2 11:39:27] Attacker (2) 获得了来自 BossMu 的 腐化酸池
[2023/6/2 11:39:27] BossMu 施放了 史莱姆攻击, 目标：(10, 8) 
[2023/6/2 11:39:27] SmallMu(Clone) 获得了来自 SmallMu(Clone) 的 死亡爆裂 [95]
[2023/6/2 11:39:28] BossMu 的 史莱姆攻击 对 Defender 造成了 9 点 Nature 伤害。生命值：39
[2023/6/2 11:39:28] Defender 重新获得了来自 BossMu 的 3x 史莱姆毒素 (5T)
[2023/6/2 11:39:28] BossMu 施放了 史莱姆攻击, 目标：(10, 8) 
[2023/6/2 11:39:29] BossMu 的 史莱姆攻击 对 Defender 造成了 9 点 Nature 伤害。生命值：30
[2023/6/2 11:39:29] Defender 重新获得了来自 BossMu 的 4x 史莱姆毒素 (5T)
[2023/6/2 11:39:29] 回合3
[2023/6/2 11:39:29] BossMu 的 腐化酸池 对 Attacker (2) 造成了 8 点 Nature 伤害。生命值：30
[2023/6/2 11:39:29] Healer 的 栽培 对 Attacker 造成了 5 点 Heal 。生命值：43
[2023/6/2 11:39:29] Healer 的 栽培 对 Defender 造成了 5 点 Heal 。生命值：35
[2023/6/2 11:39:29] BossMu 的 史莱姆毒素 对 Defender 造成了 8 点 Nature 伤害。生命值：27
[2023/6/2 11:39:29] Healer (1) 的 栽培 对 Healer 造成了 5 点 Heal 。生命值：46
[2023/6/2 11:39:30] BossMu 的 腐化酸池 对 Attacker (1) 造成了 8 点 Nature 伤害。生命值：30
[2023/6/2 11:39:30] Healer (1) 的 栽培 对 Defender (1) 造成了 5 点 Heal 。生命值：70
[2023/6/2 11:39:34] Healer 施放了 栽培, 目标：(4, 7) 
[2023/6/2 11:39:35] Attacker (2) 获得了来自 Healer 的 栽培 (3T)
[2023/6/2 11:39:36] Healer 施放了 治疗术, 目标：(10, 8) 
[2023/6/2 11:39:37] Healer 的 治疗术 对 Defender 造成了 18 点 Heal 。生命值：45
[2023/6/2 11:39:40] Healer (1) 施放了 栽培, 目标：(6, 5) 
[2023/6/2 11:39:41] Healer (1) 获得了来自 Healer (1) 的 栽培 (3T)
[2023/6/2 11:39:47] Healer (1) 施放了 Move, 目标：(7, 6) 
[2023/6/2 11:39:49] Healer (1) 施放了 治疗术, 目标：(10, 8) 
[2023/6/2 11:39:50] Healer (1) 的 治疗术 对 Defender 造成了 18 点 Heal 。生命值：63
[2023/6/2 11:39:54] Attacker (2) 施放了 Move, 目标：(5, 8) 
[2023/6/2 11:39:54] Attacker (2) 失去了来自 BossMu 的 腐化酸池
[2023/6/2 11:44:18] Attacker 施放了 射击, 目标：(3, 7) 
[2023/6/2 11:44:18] Attacker 的 射击 对 SmallMu(Clone) 造成了 13 点 Pierce 伤害。生命值：82
[2023/6/2 11:44:27] Attacker (2) 施放了 射击, 目标：(3, 7) 
[2023/6/2 11:44:28] Attacker (2) 的 射击 对 SmallMu(Clone) 造成了 13 点 Pierce 伤害。生命值：69
[2023/6/2 11:44:29] Attacker (1) 施放了 射击, 目标：(3, 7) 
[2023/6/2 11:44:30] Attacker (1) 的 射击 对 SmallMu(Clone) 造成了 13 点 Pierce 伤害。生命值：56
[2023/6/2 11:44:30] Attacker (1) 施放了 射击, 目标：(3, 7) 
[2023/6/2 11:44:31] Attacker (1) 的 射击 对 SmallMu(Clone) 造成了 13 点 Pierce 伤害。生命值：43
[2023/6/2 11:44:36] Defender (1) 施放了 拳, 目标：(11, 7) 
[2023/6/2 11:44:36] Defender (1) 的 拳 对 BossMu 造成了 8 点 Knock 伤害。生命值：411
[2023/6/2 11:44:37] Defender (1) 施放了 拳, 目标：(11, 7) 
[2023/6/2 11:44:38] Defender (1) 的 拳 没有击中 BossMu。生命值：411
[2023/6/2 11:44:38] Defender (1) 施放了 拳, 目标：(11, 7) 
[2023/6/2 11:44:39] Defender (1) 的 拳 对 BossMu 造成了 8 点 Knock 伤害。生命值：403
[2023/6/2 11:44:40] Defender (1) 施放了 拳, 目标：(11, 7) 
[2023/6/2 11:44:40] Defender (1) 的 拳 没有击中 BossMu。生命值：403
[2023/6/2 11:44:42] Defender (1) 施放了 拳, 目标：(11, 7) 
[2023/6/2 11:44:42] Defender (1) 的 拳 没有击中 BossMu。生命值：403
[2023/6/2 11:44:44] Defender 施放了 拳, 目标：(11, 7) 
[2023/6/2 11:44:44] Defender 的 拳 对 BossMu 造成了 8 点 Knock 伤害。生命值：395
[2023/6/2 11:44:46] Attacker 的 出血 对 BossMu 造成了 3 点 Pierce 伤害。生命值：392
[2023/6/2 11:44:46] BossMu 施放了 史莱姆跳跃, 目标：(10, 8) 
[2023/6/2 11:44:46] Defender 获得了来自 BossMu 的 腐化酸池
[2023/6/2 11:44:47] SmallMu(Clone) 施放了 Move, 目标：(5, 7) 
[2023/6/2 11:44:47] SmallMu(Clone) 施放了 Move, 目标：(7, 7) 
[2023/6/2 11:44:48] 回合4
[2023/6/2 11:44:48] Healer 的 栽培 对 Attacker (2) 造成了 5 点 Heal 。生命值：35
[2023/6/2 11:44:48] Healer 的 栽培 对 Attacker 造成了 5 点 Heal 。生命值：48
[2023/6/2 11:44:48] Healer 的 栽培 对 Defender 造成了 5 点 Heal 。生命值：68
[2023/6/2 11:44:48] Defender 失去了来自 Healer 的 栽培 (0T)
[2023/6/2 11:44:48] BossMu 的 史莱姆毒素 对 Defender 造成了 8 点 Nature 伤害。生命值：60
[2023/6/2 11:44:48] BossMu 的 腐化酸池 对 Defender 造成了 8 点 Nature 伤害。生命值：52
[2023/6/2 11:44:48] Healer (1) 的 栽培 对 Healer 造成了 5 点 Heal 。生命值：51
[2023/6/2 11:44:48] Healer (1) 的 栽培 对 Healer (1) 造成了 5 点 Heal 。生命值：46
[2023/6/2 11:44:48] BossMu 的 腐化酸池 对 Attacker (1) 造成了 8 点 Nature 伤害。生命值：22
[2023/6/2 11:44:49] Healer (1) 的 栽培 对 Defender (1) 造成了 5 点 Heal 。生命值：75
[2023/6/2 11:44:49] Defender (1) 失去了来自 Healer (1) 的 栽培 (0T)
[2023/6/2 11:44:51] Defender 施放了 Move, 目标：(10, 9) 
[2023/6/2 11:44:51] Defender 失去了来自 BossMu 的 腐化酸池
[2023/6/2 11:44:52] Defender 施放了 拳, 目标：(10, 7) 
[2023/6/2 11:44:52] Defender 的 拳 对 BossMu 造成了 8 点 Knock 伤害。生命值：384
[2023/6/2 11:44:55] Defender (1) 施放了 Move, 目标：(10, 5) 
[2023/6/2 11:44:55] Defender (1) 施放了 拳, 目标：(10, 7) 
[2023/6/2 11:44:56] Defender (1) 的 拳 没有击中 BossMu。生命值：384
[2023/6/2 11:44:57] Defender (1) 施放了 拳, 目标：(10, 7) 
[2023/6/2 11:44:57] Defender (1) 的 拳 对 BossMu 造成了 8 点 Knock 伤害。生命值：376
[2023/6/2 11:45:02] Attacker (1) 施放了 射击, 目标：(7, 7) 
[2023/6/2 11:45:03] Attacker (1) 的 射击 对 SmallMu(Clone) 造成了 13 点 Pierce 伤害。生命值：30
[2023/6/2 11:45:06] Attacker (2) 施放了 射击, 目标：(7, 7) 
[2023/6/2 11:45:06] Attacker (2) 的 射击 对 SmallMu(Clone) 造成了 13 点 Pierce 伤害。生命值：17
[2023/6/2 11:45:08] Attacker 施放了 射击, 目标：(7, 7) 
[2023/6/2 11:45:09] Attacker 的 射击 对 SmallMu(Clone) 造成了 13 点 Pierce 伤害。生命值：4
[2023/6/2 11:45:19] Healer 施放了 栽培, 目标：(4, 6) 
[2023/6/2 11:45:19] Attacker (1) 获得了来自 Healer 的 栽培 (3T)
[2023/6/2 11:45:21] Healer 施放了 绽放, 目标：(6, 8) 
[2023/6/2 11:45:21] Healer 的 绽放 对 Attacker (2) 造成了 15 点 Heal 。生命值：50
[2023/6/2 11:45:21] Healer 的 绽放 对 Attacker 造成了 5 点 Heal 。生命值：53
[2023/6/2 11:45:21] Healer 的 绽放 对 Defender 造成了 15 点 Heal 。生命值：67
[2023/6/2 11:45:21] Healer 的 绽放 对 Healer 造成了 5 点 Heal 。生命值：56
[2023/6/2 11:45:21] Healer 的 绽放 对 Healer (1) 造成了 10 点 Heal 。生命值：56
[2023/6/2 11:45:21] Healer 的 绽放 对 Attacker (1) 造成了 15 点 Heal 。生命值：37
[2023/6/2 11:45:21] Healer 的 绽放 对 Defender (1) 造成了 5 点 Heal 。生命值：80
[2023/6/2 11:45:31] Defender 施放了 Move, 目标：(7, 9) 
[2023/6/2 11:45:32] Defender 施放了 拳, 目标：(7, 7) 
[2023/6/2 11:45:32] Defender 的 拳 对 SmallMu(Clone) 造成了 4 点 Knock 伤害。生命值：0
[2023/6/2 11:45:32] SmallMu(Clone) 施放了 小史莱姆爆炸, 目标：(7, 7) 
[2023/6/2 11:45:33] SmallMu(Clone) 的 小史莱姆爆炸 对 Attacker (2) 造成了 10 点 Nature 伤害。生命值：40
[2023/6/2 11:45:33] SmallMu(Clone) 的 小史莱姆爆炸 对 Attacker 造成了 10 点 Nature 伤害。生命值：43
[2023/6/2 11:45:33] SmallMu(Clone) 的 小史莱姆爆炸 对 Defender 造成了 10 点 Nature 伤害。生命值：57
[2023/6/2 11:45:33] SmallMu(Clone) 的 小史莱姆爆炸 对 Healer 造成了 10 点 Nature 伤害。生命值：46
[2023/6/2 11:45:33] SmallMu(Clone) 的 小史莱姆爆炸 对 Healer (1) 造成了 10 点 Nature 伤害。生命值：46
[2023/6/2 11:45:33] SmallMu(Clone) 的 小史莱姆爆炸 没有击中 Attacker (1)。生命值：37
[2023/6/2 11:45:33] SmallMu(Clone) 的 小史莱姆爆炸 对 Defender (1) 造成了 10 点 Nature 伤害。生命值：70
[2023/6/2 11:45:33] SmallMu(Clone) 失去了来自 SmallMu(Clone) 的 死亡爆裂 [95]
[2023/6/2 11:45:33] Defender 的 拳 对 SmallMu(Clone) 造成了 4 点 Knock 伤害。生命值：0
[2023/6/2 11:45:51] Healer (1) 施放了 栽培, 目标：(10, 5) 
[2023/6/2 11:45:52] Defender (1) 获得了来自 Healer (1) 的 栽培 (3T)
[2023/6/2 11:45:56] Attacker 的 出血 对 BossMu 造成了 3 点 Pierce 伤害。生命值：373
[2023/6/2 11:45:56] BossMu 施放了 小史莱姆标记, 目标：(7, 9) 
[2023/6/2 11:45:57] Attacker (1) 获得了来自 BossMu 的 锁定
[2023/6/2 11:45:57] BossMu 施放了 Move, 目标：(10, 9) 
[2023/6/2 11:45:57] BossMu 施放了 史莱姆攻击, 目标：(7, 9) 
[2023/6/2 11:45:58] BossMu 的 史莱姆攻击 对 Healer 造成了 9 点 Nature 伤害。生命值：37
[2023/6/2 11:45:58] Healer 获得了来自 BossMu 的 史莱姆毒素 (5T)
[2023/6/2 11:45:58] BossMu 的 史莱姆攻击 对 Defender 造成了 9 点 Nature 伤害。生命值：48
[2023/6/2 11:45:58] Defender 重新获得了来自 BossMu 的 5x 史莱姆毒素 (5T)
[2023/6/2 11:45:58] 回合5
[2023/6/2 11:45:58] Healer 的 栽培 对 Attacker (2) 造成了 5 点 Heal 。生命值：45
[2023/6/2 11:45:58] Healer 的 栽培 对 Attacker 造成了 5 点 Heal 。生命值：48
[2023/6/2 11:45:58] Attacker 失去了来自 Healer 的 栽培 (0T)
[2023/6/2 11:45:58] BossMu 的 史莱姆毒素 对 Defender 造成了 10 点 Nature 伤害。生命值：38
[2023/6/2 11:45:59] Healer (1) 的 栽培 对 Healer 造成了 5 点 Heal 。生命值：42
[2023/6/2 11:45:59] Healer 失去了来自 Healer (1) 的 栽培 (0T)
[2023/6/2 11:45:59] BossMu 的 史莱姆毒素 对 Healer 造成了 2 点 Nature 伤害。生命值：40
[2023/6/2 11:45:59] Healer (1) 的 栽培 对 Healer (1) 造成了 5 点 Heal 。生命值：51
[2023/6/2 11:45:59] BossMu 的 腐化酸池 对 Attacker (1) 造成了 8 点 Nature 伤害。生命值：29
[2023/6/2 11:45:59] Healer 的 栽培 对 Attacker (1) 造成了 5 点 Heal 。生命值：34
[2023/6/2 11:45:59] Healer (1) 的 栽培 对 Defender (1) 造成了 5 点 Heal 。生命值：75
[2023/6/2 11:46:04] Defender (1) 施放了 Move, 目标：(10, 7) 
[2023/6/2 11:46:04] Defender (1) 获得了来自 BossMu 的 腐化酸池
[2023/6/2 11:46:05] Defender (1) 施放了 拳, 目标：(10, 9) 
[2023/6/2 11:46:06] Defender (1) 的 拳 对 BossMu 造成了 8 点 Knock 伤害。生命值：365
[2023/6/2 11:46:07] Defender (1) 施放了 拳, 目标：(10, 9) 
[2023/6/2 11:46:07] Defender (1) 的 拳 没有击中 BossMu。生命值：365
[2023/6/2 11:46:13] Attacker (1) 施放了 Move, 目标：(5, 6) 
[2023/6/2 11:46:14] Attacker (1) 失去了来自 BossMu 的 腐化酸池
[2023/6/2 11:46:17] Attacker (1) 施放了 射击, 目标：(10, 9) 
[2023/6/2 11:46:18] Attacker (1) 的 射击 对 BossMu 造成了 26 点 Pierce 伤害（暴击）。生命值：339
[2023/6/2 11:46:18] BossMu 施放了 史莱姆爆炸, 目标：(10, 9) 
[2023/6/2 11:46:18] BossMu 的 史莱姆爆炸 对 Attacker (2) 造成了 15 点 Nature 伤害。生命值：30
[2023/6/2 11:46:18] BossMu 的 史莱姆爆炸 对 Attacker 造成了 15 点 Nature 伤害。生命值：33
[2023/6/2 11:46:18] BossMu 的 史莱姆爆炸 对 Defender 造成了 15 点 Nature 伤害。生命值：23
[2023/6/2 11:46:19] BossMu 的 史莱姆爆炸 对 Healer 造成了 15 点 Nature 伤害。生命值：25
[2023/6/2 11:46:19] BossMu 的 史莱姆爆炸 对 Healer (1) 造成了 15 点 Nature 伤害。生命值：36
[2023/6/2 11:46:19] BossMu 的 史莱姆爆炸 对 Attacker (1) 造成了 15 点 Nature 伤害。生命值：19
[2023/6/2 11:46:19] BossMu 的 史莱姆爆炸 对 Defender (1) 造成了 15 点 Nature 伤害。生命值：60
[2023/6/2 11:46:26] Healer (1) 施放了 绽放, 目标：(7, 6) 
[2023/6/2 11:46:26] Healer (1) 的 绽放 对 Attacker (2) 造成了 15 点 Heal 。生命值：45
[2023/6/2 11:46:27] Healer (1) 的 绽放 对 Attacker 造成了 15 点 Heal 。生命值：48
[2023/6/2 11:46:27] Healer (1) 的 绽放 对 Defender 造成了 15 点 Heal 。生命值：38
[2023/6/2 11:46:27] Healer (1) 的 绽放 对 Healer 造成了 15 点 Heal 。生命值：40
[2023/6/2 11:46:27] Healer (1) 的 绽放 对 Healer (1) 造成了 15 点 Heal 。生命值：51
[2023/6/2 11:46:27] Healer (1) 的 绽放 对 Attacker (1) 造成了 15 点 Heal 。生命值：34
[2023/6/2 11:46:27] Healer (1) 的 绽放 对 Defender (1) 造成了 15 点 Heal 。生命值：75
[2023/6/2 11:46:31] Healer (1) 施放了 栽培, 目标：(7, 9) 
[2023/6/2 11:46:31] Defender 获得了来自 Healer (1) 的 栽培 (3T)
[2023/6/2 11:46:34] Healer (1) 施放了 治疗术, 目标：(7, 9) 
[2023/6/2 11:46:35] Healer (1) 的 治疗术 对 Defender 造成了 18 点 Heal 。生命值：56
[2023/6/2 11:47:39] Attacker (2) 施放了 射击, 目标：(10, 9) 
[2023/6/2 11:47:40] Attacker (2) 的 射击 对 BossMu 造成了 13 点 Pierce 伤害。生命值：326
[2023/6/2 11:47:42] Attacker (2) 施放了 射击, 目标：(10, 9) 
[2023/6/2 11:47:43] Attacker (2) 的 射击 对 BossMu 造成了 26 点 Pierce 伤害（暴击）。生命值：300
[2023/6/2 11:47:53] Healer 施放了 栽培, 目标：(6, 8) 
[2023/6/2 11:47:54] Healer 获得了来自 Healer 的 栽培 (3T)
[2023/6/2 11:48:02] Healer 施放了 治疗术, 目标：(7, 9) 
[2023/6/2 11:48:03] Healer 的 治疗术 对 Defender 造成了 18 点 Heal 。生命值：74
[2023/6/2 11:48:08] Attacker 施放了 狂风指引, 目标：(3, 10) 
[2023/6/2 11:48:08] Attacker 获得了来自 Attacker 的 狂风指引 (2T)
[2023/6/2 11:48:11] Attacker 施放了 射击, 目标：(10, 9) 
[2023/6/2 11:48:11] Attacker 的 射击 对 BossMu 造成了 13 点 Pierce 伤害。生命值：287
[2023/6/2 11:48:12] Attacker 施放了 射击, 目标：(10, 9) 
[2023/6/2 11:48:13] Attacker 的 射击 对 BossMu 造成了 13 点 Pierce 伤害。生命值：274
[2023/6/2 11:48:14] Attacker 施放了 射击, 目标：(10, 9) 
[2023/6/2 11:48:15] Attacker 的 射击 对 BossMu 造成了 26 点 Pierce 伤害（暴击）。生命值：248
[2023/6/2 11:48:16] Attacker 施放了 射击, 目标：(10, 9) 
[2023/6/2 11:48:17] Attacker 的 射击 对 BossMu 造成了 13 点 Pierce 伤害。生命值：235
[2023/6/2 11:48:23] Defender 施放了 Move, 目标：(8, 9) 
[2023/6/2 11:48:24] Attacker 的 出血 对 BossMu 造成了 3 点 Pierce 伤害。生命值：232
[2023/6/2 11:48:24] BossMu 失去了来自 Attacker 的 出血 (0T)
[2023/6/2 11:48:24] BossMu 施放了 小史莱姆标记, 目标：(3, 10) 
[2023/6/2 11:48:25] Healer (1) 获得了来自 BossMu 的 锁定
[2023/6/2 11:48:25] BossMu 施放了 Move, 目标：(8, 9) 
[2023/6/2 11:48:25] BossMu 施放了 Move, 目标：(8, 9) 
[2023/6/2 11:48:25] BossMu 施放了 Move, 目标：(8, 9) 
[2023/6/2 11:48:25] 回合6
[2023/6/2 11:48:25] Healer 的 栽培 对 Attacker (2) 造成了 5 点 Heal 。生命值：50
[2023/6/2 11:48:25] Attacker (2) 失去了来自 Healer 的 栽培 (0T)
[2023/6/2 11:48:25] BossMu 的 史莱姆毒素 对 Defender 造成了 10 点 Nature 伤害。生命值：64
[2023/6/2 11:48:26] Healer (1) 的 栽培 对 Defender 造成了 5 点 Heal 。生命值：69
[2023/6/2 11:48:26] Healer 的 栽培 对 Healer 造成了 5 点 Heal 。生命值：45
[2023/6/2 11:48:26] BossMu 的 史莱姆毒素 对 Healer 造成了 2 点 Nature 伤害。生命值：43
[2023/6/2 11:48:26] Healer (1) 的 栽培 对 Healer (1) 造成了 5 点 Heal 。生命值：56
[2023/6/2 11:48:26] Healer (1) 失去了来自 Healer (1) 的 栽培 (0T)
[2023/6/2 11:48:26] Healer 的 栽培 对 Attacker (1) 造成了 5 点 Heal 。生命值：39
[2023/6/2 11:48:26] Healer (1) 的 栽培 对 Defender (1) 造成了 5 点 Heal 。生命值：80
[2023/6/2 11:48:26] BossMu 的 腐化酸池 对 Defender (1) 造成了 8 点 Nature 伤害。生命值：72
[2023/6/2 11:51:19] Healer (1) 施放了 栽培, 目标：(7, 6) 
[2023/6/2 11:51:20] Healer (1) 获得了来自 Healer (1) 的 栽培 (3T)
[2023/6/2 11:51:23] Defender (1) 施放了 Move, 目标：(10, 8) 
[2023/6/2 11:51:24] Defender (1) 施放了 拳, 目标：(10, 9) 
[2023/6/2 11:51:24] Defender (1) 的 拳 对 BossMu 造成了 8 点 Knock 伤害。生命值：224
[2023/6/2 11:51:24] BossMu 施放了 史莱姆爆炸, 目标：(10, 9) 
[2023/6/2 11:51:25] BossMu 的 史莱姆爆炸 对 Attacker (2) 造成了 15 点 Nature 伤害。生命值：35
[2023/6/2 11:51:25] BossMu 的 史莱姆爆炸 对 Attacker 造成了 15 点 Nature 伤害。生命值：33
[2023/6/2 11:51:25] BossMu 的 史莱姆爆炸 对 Defender 造成了 15 点 Nature 伤害。生命值：54
[2023/6/2 11:51:25] BossMu 的 史莱姆爆炸 对 Healer 造成了 15 点 Nature 伤害。生命值：28
[2023/6/2 11:51:25] BossMu 的 史莱姆爆炸 对 Healer (1) 造成了 15 点 Nature 伤害。生命值：41
[2023/6/2 11:51:25] BossMu 的 史莱姆爆炸 对 Attacker (1) 造成了 15 点 Nature 伤害。生命值：24
[2023/6/2 11:51:25] BossMu 的 史莱姆爆炸 对 Defender (1) 造成了 15 点 Nature 伤害。生命值：57
[2023/6/2 11:51:26] Defender (1) 施放了 拳, 目标：(10, 9) 
[2023/6/2 11:51:27] Defender (1) 的 拳 没有击中 BossMu。生命值：224
[2023/6/2 11:51:28] Defender (1) 施放了 拳, 目标：(10, 9) 
[2023/6/2 11:51:28] Defender (1) 的 拳 对 BossMu 造成了 8 点 Knock 伤害。生命值：216
[2023/6/2 11:51:37] Defender 施放了 拳, 目标：(10, 9) 
[2023/6/2 11:51:38] Defender 的 拳 没有击中 BossMu。生命值：216
[2023/6/2 11:51:39] Defender 施放了 拳, 目标：(10, 9) 
[2023/6/2 11:51:39] Defender 的 拳 对 BossMu 造成了 8 点 Knock 伤害。生命值：208
[2023/6/2 11:51:49] Attacker 施放了 疾飞之箭, 目标：(10, 9) 
[2023/6/2 11:51:49] Attacker 的 疾飞之箭 对 BossMu 造成了 6 点 Pierce 伤害。生命值：202
[2023/6/2 11:51:49] BossMu 获得了来自 Attacker 的 出血 (5T)
[2023/6/2 11:51:50] Attacker 施放了 射击, 目标：(10, 9) 
[2023/6/2 11:51:51] Attacker 的 射击 对 BossMu 造成了 13 点 Pierce 伤害。生命值：189
[2023/6/2 11:51:53] Attacker 施放了 射击, 目标：(10, 9) 
[2023/6/2 11:51:53] Attacker 的 射击 对 BossMu 造成了 13 点 Pierce 伤害。生命值：176
[2023/6/2 11:52:02] Healer 施放了 栽培, 目标：(5, 6) 
[2023/6/2 11:52:03] Attacker (1) 重新获得了来自 Healer 的 栽培 (3T)
[2023/6/2 11:52:07] Healer 施放了 治疗术, 目标：(5, 6) 
[2023/6/2 11:52:08] Healer 的 治疗术 对 Attacker (1) 造成了 18 点 Heal 。生命值：42
[2023/6/2 11:52:13] Attacker (2) 施放了 射击, 目标：(10, 9) 
[2023/6/2 11:52:14] Attacker (2) 的 射击 没有击中 BossMu。生命值：176
[2023/6/2 11:52:20] Attacker (1) 施放了 射击, 目标：(10, 9) 
[2023/6/2 11:52:21] Attacker (1) 的 射击 对 BossMu 造成了 13 点 Pierce 伤害。生命值：163
[2023/6/2 11:52:22] Attacker (1) 施放了 射击, 目标：(10, 9) 
[2023/6/2 11:52:23] Attacker (1) 的 射击 对 BossMu 造成了 26 点 Pierce 伤害（暴击）。生命值：137
[2023/6/2 11:52:29] Attacker 的 出血 对 BossMu 造成了 3 点 Pierce 伤害。生命值：134
[2023/6/2 11:52:29] BossMu 施放了 小史莱姆投掷, 目标：(3, 10) 
[2023/6/2 11:52:30] BossMu 的 小史莱姆投掷 对 Healer (1) 造成了 0 点 Nature 伤害。生命值：41
[2023/6/2 11:52:30] Healer (1) 失去了来自 BossMu 的 锁定
[2023/6/2 11:52:30] Healer (1) 获得了来自 BossMu 的 腐化酸池
[2023/6/2 11:52:30] SmallMu(Clone) 获得了来自 SmallMu(Clone) 的 死亡爆裂 [95]
[2023/6/2 11:52:31] BossMu 的 小史莱姆投掷 对 Attacker (1) 造成了 0 点 Nature 伤害。生命值：42
[2023/6/2 11:52:31] Attacker (1) 失去了来自 BossMu 的 锁定
[2023/6/2 11:52:31] Attacker (1) 获得了来自 BossMu 的 腐化酸池
[2023/6/2 11:52:31] BossMu 施放了 Move, 目标：(8, 9) 
[2023/6/2 11:52:31] BossMu 施放了 Move, 目标：(8, 9) 
[2023/6/2 11:52:31] BossMu 施放了 Move, 目标：(8, 9) 
[2023/6/2 11:52:31] SmallMu(Clone) 获得了来自 SmallMu(Clone) 的 死亡爆裂 [95]
[2023/6/2 11:52:31] 回合7
[2023/6/2 11:52:31] Attacker 失去了来自 Attacker 的 狂风指引 (0T)
[2023/6/2 11:52:31] BossMu 的 史莱姆毒素 对 Defender 造成了 10 点 Nature 伤害。生命值：44
[2023/6/2 11:52:31] Healer (1) 的 栽培 对 Defender 造成了 5 点 Heal 。生命值：49
[2023/6/2 11:52:32] Healer 的 栽培 对 Healer 造成了 5 点 Heal 。生命值：33
[2023/6/2 11:52:32] BossMu 的 史莱姆毒素 对 Healer 造成了 2 点 Nature 伤害。生命值：31
[2023/6/2 11:52:32] Healer (1) 的 栽培 对 Healer (1) 造成了 5 点 Heal 。生命值：46
[2023/6/2 11:52:32] BossMu 的 腐化酸池 对 Healer (1) 造成了 8 点 Nature 伤害。生命值：38
[2023/6/2 11:52:32] Healer 的 栽培 对 Attacker (1) 造成了 5 点 Heal 。生命值：47
[2023/6/2 11:52:32] BossMu 的 腐化酸池 对 Attacker (1) 造成了 8 点 Nature 伤害。生命值：39
[2023/6/2 11:52:32] Healer (1) 的 栽培 对 Defender (1) 造成了 5 点 Heal 。生命值：62
[2023/6/2 11:52:32] Defender (1) 失去了来自 Healer (1) 的 栽培 (0T)
[2023/6/2 11:52:32] BossMu 的 腐化酸池 对 Defender (1) 造成了 8 点 Nature 伤害。生命值：54
[2023/6/2 11:52:36] Defender (1) 施放了 Move, 目标：(11, 9) 
[2023/6/2 11:52:37] Defender (1) 失去了来自 BossMu 的 腐化酸池
[2023/6/2 11:52:38] Defender (1) 施放了 拳, 目标：(10, 9) 
[2023/6/2 11:52:38] Defender (1) 的 拳 没有击中 BossMu。生命值：134
[2023/6/2 11:52:40] Defender (1) 施放了 拳, 目标：(10, 9) 
[2023/6/2 11:52:40] Defender (1) 的 拳 对 BossMu 造成了 8 点 Knock 伤害。生命值：126
[2023/6/2 11:52:42] Defender 施放了 拳, 目标：(10, 9) 
[2023/6/2 11:52:43] Defender 的 拳 没有击中 BossMu。生命值：126
[2023/6/2 11:52:44] Defender 施放了 拳, 目标：(10, 9) 
[2023/6/2 11:52:44] Defender 的 拳 对 BossMu 造成了 8 点 Knock 伤害。生命值：118
[2023/6/2 11:52:48] Healer (1) 施放了 Move, 目标：(8, 7) 
[2023/6/2 11:52:49] Healer (1) 失去了来自 BossMu 的 腐化酸池
[2023/6/2 11:52:59] Healer (1) 施放了 栽培, 目标：(11, 9) 
[2023/6/2 11:53:00] Defender (1) 获得了来自 Healer (1) 的 栽培 (3T)
[2023/6/2 11:53:05] Attacker (2) 施放了 狂风指引, 目标：(5, 8) 
[2023/6/2 11:53:05] Attacker (2) 获得了来自 Attacker (2) 的 狂风指引 (2T)
[2023/6/2 11:53:07] Attacker (2) 施放了 射击, 目标：(10, 9) 
[2023/6/2 11:53:08] Attacker (2) 的 射击 对 BossMu 造成了 13 点 Pierce 伤害。生命值：105
[2023/6/2 11:53:08] BossMu 施放了 史莱姆爆炸, 目标：(10, 9) 
[2023/6/2 11:53:08] BossMu 的 史莱姆爆炸 对 Attacker (2) 造成了 15 点 Nature 伤害。生命值：20
[2023/6/2 11:53:08] BossMu 的 史莱姆爆炸 对 Attacker 造成了 15 点 Nature 伤害。生命值：18
[2023/6/2 11:53:08] BossMu 的 史莱姆爆炸 对 Defender 造成了 15 点 Nature 伤害。生命值：34
[2023/6/2 11:53:09] BossMu 的 史莱姆爆炸 对 Healer 造成了 15 点 Nature 伤害。生命值：16
[2023/6/2 11:53:09] BossMu 的 史莱姆爆炸 对 Healer (1) 造成了 15 点 Nature 伤害。生命值：23
[2023/6/2 11:53:09] BossMu 的 史莱姆爆炸 对 Attacker (1) 造成了 15 点 Nature 伤害。生命值：24
[2023/6/2 11:53:09] BossMu 的 史莱姆爆炸 对 Defender (1) 造成了 15 点 Nature 伤害。生命值：39
[2023/6/2 11:53:10] Attacker (2) 施放了 射击, 目标：(10, 9) 
[2023/6/2 11:53:11] Attacker (2) 的 射击 对 BossMu 造成了 26 点 Pierce 伤害（暴击）。生命值：79
[2023/6/2 11:53:12] Attacker (2) 施放了 射击, 目标：(10, 9) 
[2023/6/2 11:53:13] Attacker (2) 的 射击 对 BossMu 造成了 26 点 Pierce 伤害（暴击）。生命值：53
[2023/6/2 11:53:16] Attacker (1) 施放了 狂风指引, 目标：(5, 6) 
[2023/6/2 11:53:17] Attacker (1) 获得了来自 Attacker (1) 的 狂风指引 (2T)
[2023/6/2 11:53:18] Attacker (1) 施放了 射击, 目标：(10, 9) 
[2023/6/2 11:53:18] Attacker (1) 的 射击 对 BossMu 造成了 13 点 Pierce 伤害。生命值：40
[2023/6/2 11:53:19] Attacker (1) 施放了 射击, 目标：(10, 9) 
[2023/6/2 11:53:20] Attacker (1) 的 射击 对 BossMu 造成了 13 点 Pierce 伤害。生命值：27
[2023/6/2 11:53:27] Attacker 施放了 射击, 目标：(10, 9) 
[2023/6/2 11:53:28] Attacker 的 射击 对 BossMu 造成了 13 点 Pierce 伤害。生命值：14
[2023/6/2 11:53:32] Defender 施放了 拳, 目标：(10, 9) 
[2023/6/2 11:53:32] Defender 的 拳 对 BossMu 造成了 8 点 Knock 伤害。生命值：6
[2023/6/2 11:53:34] Defender 施放了 拳, 目标：(10, 9) 
[2023/6/2 11:53:35] Defender 的 拳 对 BossMu 造成了 6 点 Knock 伤害。生命值：0
[2023/6/2 11:53:35] BossMu 失去了来自 BossMu 的 史莱姆爆发 [1]
[2023/6/2 11:53:35] BossMu 失去了来自 Attacker 的 出血 (4T)
[2023/6/2 11:53:35] Defender 的 拳 对 BossMu 造成了 6 点 Knock 伤害。生命值：0
